Log file open, 03/27/15 15:20:26
LogInit:Display: Running engine for game: EZ_GAME_EZ_LIFE
LogInit: Version: 4.7.3-2479750+++depot+UE4-Releases+4.7
LogInit: API Version: 2455222
LogInit: Compiled (64-bit): Mar 15 2015 23:20:45
LogInit: Compiled with Visual C++: 18.00.21005.01
LogInit: Build Configuration: Development
LogInit: Branch Name: ++depot+UE4-Releases+4.7
LogInit: Command line: 
LogInit: Base directory: C:/Program Files/Epic Games/4.7/Engine/Binaries/Win64/
LogInit: Rocket: 1
[2015.03.27-14.20.26:776][  0]LogTaskGraph: Started task graph with 3 named threads and 6 total threads.
[2015.03.27-14.20.26:844][  0]LogOnline:Warning: No default platform service specified for OnlineSubsystem
[2015.03.27-14.20.26:867][  0]LogInit: Presizing for 0 objects not considered by GC, pre-allocating 0 bytes.
[2015.03.27-14.20.26:876][  0]LogInit: Object subsystem initialized
[2015.03.27-14.20.26:878][  0]LogConsoleResponse:Warning: Skipping Unknown console variable: 'TranslucentSortAxis = (X=0.000000,Y=-1.000000,Z=0.000000)'
[2015.03.27-14.20.26:878][  0]LogConsoleResponse:Warning:   Found in ini file 'C:/Users/Niklas/Documents/Unreal Projects/EZ_GAME_EZ_LIFE/Saved/Config/Windows/Engine.ini', in section '[/Script/Engine.RendererSettings]'
[2015.03.27-14.20.26:878][  0]LogConsoleResponse:Warning: Skipping Unknown console variable: 'UIScaleRule = ShortestSide'
[2015.03.27-14.20.26:878][  0]LogConsoleResponse:Warning:   Found in ini file 'C:/Users/Niklas/Documents/Unreal Projects/EZ_GAME_EZ_LIFE/Saved/Config/Windows/Engine.ini', in section '[/Script/Engine.RendererSettings]'
[2015.03.27-14.20.26:878][  0]LogConsoleResponse:Warning: Skipping Unknown console variable: 'UIScaleCurve = (EditorCurveData=(Keys=),ExternalCurve=None)'
[2015.03.27-14.20.26:878][  0]LogConsoleResponse:Warning:   Found in ini file 'C:/Users/Niklas/Documents/Unreal Projects/EZ_GAME_EZ_LIFE/Saved/Config/Windows/Engine.ini', in section '[/Script/Engine.RendererSettings]'
[2015.03.27-14.20.26:878][  0]LogInit: Selected Device Profile: [Windows]
[2015.03.27-14.20.26:878][  0]LogInit: Applying CVar settings loaded from the selected device profile: [Windows]
[2015.03.27-14.20.26:905][  0]LogInit: Computer: NIK-PC
[2015.03.27-14.20.26:905][  0]LogInit: User: Niklas
[2015.03.27-14.20.26:905][  0]LogInit: CPU Page size=4096, Cores=4
[2015.03.27-14.20.26:905][  0]LogInit: High frequency timer resolution =3.215371 MHz
[2015.03.27-14.20.26:905][  0]LogMemory: Memory total: Physical=8.0GB (8GB approx) Virtual=8192.0GB
[2015.03.27-14.20.26:906][  0]LogMemory: Platform Memory Stats for Windows
[2015.03.27-14.20.26:906][  0]LogMemory: Process Physical Memory: 47.21 MB used, 47.21 MB peak
[2015.03.27-14.20.26:906][  0]LogMemory: Process Virtual Memory: 27.37 MB used, 27.38 MB peak
[2015.03.27-14.20.26:906][  0]LogMemory: Physical Memory: 1531.04 MB used, 8153.19 MB total
[2015.03.27-14.20.26:906][  0]LogMemory: Virtual Memory: 280.43 MB used, 8388608.00 MB total
[2015.03.27-14.20.26:932][  0]LogD3D11RHI: Found D3D11 adapter 0: NVIDIA GeForce GTS 450 (Feature Level 11_0)
[2015.03.27-14.20.26:932][  0]LogD3D11RHI: Adapter has 993MB of dedicated video memory, 0MB of dedicated system memory, and 3071MB of shared system memory, 2 output[s]
[2015.03.27-14.20.26:932][  0]LogD3D11RHI: Chosen D3D11 Adapter Id = 0
[2015.03.27-14.20.26:936][  0]LogRHI: Texture pool is 695 MB (70% of 993 MB)
[2015.03.27-14.20.26:944][  0]LogD3D11RHI: Async texture creation enabled
[2015.03.27-14.20.27:004][  0]LogTextLocalizationManager: The requested culture ('de_DE') has no localization data; falling back to 'en' for localization and internationalization data.
[2015.03.27-14.20.27:089][  0]LogTextLocalizationManager:Warning: Loading localization resources contain conflicting entries for (Namespace:UICommands, Key:Save_ToolTip):
Resource: (C:/Program Files/Epic Games/4.7/Engine/Content/Localization/Editor/en/Editor.locres) Hash: (-29098895) String: (Saves the current level to disk)
Resource: (C:/Program Files/Epic Games/4.7/Engine/Content/Localization/Engine/en/Engine.locres) Hash: (-1280300587) String: (Save selected data to vlog file)
[2015.03.27-14.20.27:089][  0]LogTextLocalizationManager:Warning: Loading localization resources contain conflicting entries for (Namespace:ContentBrowser, Key:ImportAssetToolTip):
Resource: (C:/Program Files/Epic Games/4.7/Engine/Content/Localization/Editor/en/Editor.locres) Hash: (-630476809) String: (Import to {0}...)
Resource: (C:/Program Files/Epic Games/4.7/Engine/Content/Localization/Editor/en/Editor.locres) Hash: (1271782899) String: (Imports an asset from file to this folder.)
[2015.03.27-14.20.27:172][  0]LogContentStreaming: Texture pool size is 0.000000MB
[2015.03.27-14.20.29:572][  0]LogTargetPlatformManager:Display: Building Assets For Windows
[2015.03.27-14.20.30:147][  0]LogTargetPlatformManager:Display: Building Assets For Windows
[2015.03.27-14.20.30:225][  0]LogDerivedDataCache:Display: Max Cache Size: 512 MB
[2015.03.27-14.20.30:258][  0]LogDerivedDataCache: Loaded boot cache 0.03s 39MB C:/Users/Niklas/AppData/Local/UnrealEngine/4.7/DerivedDataCache/Boot.ddc.
[2015.03.27-14.20.30:258][  0]LogDerivedDataCache:Display: Loaded Boot cache: C:/Users/Niklas/AppData/Local/UnrealEngine/4.7/DerivedDataCache/Boot.ddc
[2015.03.27-14.20.30:258][  0]LogDerivedDataCache: FDerivedDataBackendGraph:  Pak pak cache file ../../../../../../Users/Niklas/Documents/Unreal Projects/EZ_GAME_EZ_LIFE/DerivedDataCache/DDC.ddp not found, will not use a pak cache.
[2015.03.27-14.20.30:258][  0]LogDerivedDataCache: Unable to find inner node Pak for hierarchical cache Hierarchy.
[2015.03.27-14.20.30:382][  0]LogDerivedDataCache:Display: Pak cache opened for reading ../../../Engine/DerivedDataCache/Compressed.ddp.
[2015.03.27-14.20.30:393][  0]LogDerivedDataCache: Using Local data cache path C:/Users/Niklas/AppData/Local/UnrealEngine/Common/DerivedDataCache: Writable
[2015.03.27-14.20.30:725][  0]LogMeshUtilities: No automatic mesh reduction module available
[2015.03.27-14.20.30:725][  0]LogMeshUtilities: No automatic mesh merging module available
[2015.03.27-14.20.31:091][  0]LogInit: WinSock: version 1.1 (2.2), MaxSocks=32767, MaxUdp=65467
[2015.03.27-14.20.31:198][  0]LogSlate:Warning: Failed to load font data from '../../../Engine/Content/Slate/Fonts/Roboto-Italic.ttf'
[2015.03.27-14.20.32:048][  0]UdpMessaging: Initializing bridge on interface 0.0.0.0:0 to multicast group 230.0.0.1:6666.
[2015.03.27-14.20.32:323][  0]SourceControl: Info Source control is disabled
[2015.03.27-14.20.32:323][  0]SourceControl: Info Source control is disabled
[2015.03.27-14.20.32:323][  0]SourceControl: Info Source control is disabled
[2015.03.27-14.20.32:323][  0]LogSourceControl: RunCommandInternalRaw: 'git version'
[2015.03.27-14.20.32:324][  0]LogSourceControl: RunCommandInternalRaw: ExecProcess ReturnCode=2 OutResults=''
[2015.03.27-14.20.32:337][  0]SourceControl: Info Source control is disabled
[2015.03.27-14.20.32:584][  0]LogObj: 24231 objects as part of root set at end of initial load.
[2015.03.27-14.20.32:584][  0]LogUObjectAllocator: 5136440 out of 0 bytes used by permanent object pool.
[2015.03.27-14.20.32:671][  0]LogEngine: Initializing Engine...
[2015.03.27-14.20.34:847][  0]LogInit: XAudio2 using 'Lautsprecher (Realtek High Definition Audio)' : 2 channels at 48 kHz using 32 bits per sample (channel mask 0x3)
[2015.03.27-14.20.34:855][  0]LogInit: FAudioDevice initialized.
[2015.03.27-14.20.34:904][  0]LogAIModule: Creating AISystem for world NewWorld
[2015.03.27-14.20.34:926][  0]LogDerivedDataCache: Saved boot cache 0.02s 39MB C:/Users/Niklas/AppData/Local/UnrealEngine/4.7/DerivedDataCache/Boot.ddc.
[2015.03.27-14.20.34:928][  0]LogInit: Texture streaming: Enabled
[2015.03.27-14.20.35:034][  0]LogAnalytics: Creating configured Analytics provider AnalyticsET
[2015.03.27-14.20.35:034][  0]LogAnalytics: ET APIKey = Rocket.Release. APIServer = http://et2.epicgames.com/ET2/. AppVersion = 4.7.3-2479750+++depot+UE4-Releases+4.7
[2015.03.27-14.20.35:034][  0]LogAnalytics: ET APIKey = Rocket.Release. DataRouterUploadURL = https://datarouter-public-service-gamedev.ol.epicgames.net/datarouter/api/v1/public/data. AppVersion = 4.7.3-2479750+++depot+UE4-Releases+4.7
[2015.03.27-14.20.35:034][  0]LogAnalytics: SetUserId eb8c08b746c18b1e0499f79509028322|9d4e66c9c5234bf7ad11ebe283ab624f|6c64b6a1-ea7f-4075-beca-5e84e1118d8d
[2015.03.27-14.20.35:035][  0]LogAnalytics: AnalyticsET::StartSession [Rocket.Release]
[2015.03.27-14.20.35:059][  0]LogInit: Transaction tracking system initialized
[2015.03.27-14.20.35:278][  0]BlueprintLog: New page: Editor Load
[2015.03.27-14.20.35:321][  0]LogAssetRegistry: FAssetRegistry took 0.0098 seconds to start up
[2015.03.27-14.20.35:321][  0]LogDirectoryWatcher:Warning: Failed to begin reading directory changes for ../../../Engine/Plugins/Experimental/CharacterAI/Content/. Error: 0
[2015.03.27-14.20.35:927][  0]LogTargetPlatformManager:Display: Building Assets For Windows
[2015.03.27-14.20.36:291][  0]LogTargetPlatformManager:Display: Building Assets For Windows
[2015.03.27-14.20.36:638][  0]LogSlate:Warning: Failed to load font data from '../../../Engine/Content/Editor/Slate/Fonts/Roboto-Regular.ttf'
[2015.03.27-14.20.36:639][  0]LogSlate:Warning: Failed to load font data from '../../../Engine/Content/Editor/Slate/Fonts/Roboto-Bold.ttf'
[2015.03.27-14.20.36:644][  0]LogConsoleResponse:Display: 
[2015.03.27-14.20.36:824][  0]LogCook:Display: Done creating registry. It took  0.00s.
[2015.03.27-14.20.37:011][  0]SourceControl: Info Source control is disabled
[2015.03.27-14.20.37:011][  0]Cmd: MAP LOAD FILE="../../../../../../Users/Niklas/Documents/Unreal Projects/EZ_GAME_EZ_LIFE/Content/ThirdPersonBP/Maps/ThirdPersonExampleMap.umap" TEMPLATE=0 SHOWPROGRESS=1 FEATURELEVEL=3
[2015.03.27-14.20.37:011][  0]LightingResults: New page: Lighting Build
[2015.03.27-14.20.37:028][  0]MapCheck: New page: Map Check
[2015.03.27-14.20.37:028][  0]LightingResults: New page: Lighting Build
[2015.03.27-14.20.37:035][  0]LogParticles: Destroying 0 GPU particle simulations for FXSystem 0x000000001799E980
[2015.03.27-14.20.37:092][  0]LogLinker:Warning: Asset '../../../Engine/Content/EngineMeshes/Humanoid.uasset' has been saved with empty engine version. The asset will be loaded but may be incompatible.
[2015.03.27-14.20.38:981][  0]LogEditorServer: Finished looking for orphan Actors (0.000 secs)
[2015.03.27-14.20.39:914][  0]LogAIModule: Creating AISystem for world ThirdPersonExampleMap
[2015.03.27-14.20.39:914][  0]Cmd: MAP CHECKDEP
[2015.03.27-14.20.39:914][  0]MapCheck: New page: ThirdPersonExampleMap - Mar 27, 2015, 4:20:39 PM
[2015.03.27-14.20.40:035][  0]MapCheck: Info Map check complete: 0 Error(s), 0 Warning(s), took 120.476ms to complete.
[2015.03.27-14.20.40:035][  0]LogFileHelpers: Loading map 'ThirdPersonExampleMap' took 3.024
[2015.03.27-14.20.40:272][  0]LogCollectionManager: Loaded 0 collections in 0.001908 seconds
[2015.03.27-14.20.40:288][  0]LogContentBrowser: Native class hierarchy populated in 0.0151 seconds. Added 1696 classes and 261 folders.
[2015.03.27-14.20.40:347][  0]LogContentBrowser: Native class hierarchy updated for 'SceneOutliner' in 0.0038 seconds. Added 1 classes and 2 folders.
[2015.03.27-14.20.40:508][  0]LogCrashTracker: Crashtracker disabled due to settings.
[2015.03.27-14.20.40:510][  0]LogSlate:Warning: Failed to load font data from 'Veranda'
[2015.03.27-14.20.40:516][  0]LogUObjectGlobals:Warning: Failed to find object 'Class None.'
[2015.03.27-14.20.40:541][  0]LogLoad: Full Startup: 16.15 seconds (BP compile: 0.63 seconds)
[2015.03.27-14.20.40:905][  0]LogContentBrowser:Verbose: The content browser source was changed by the sources view to '/Game/ThirdPersonBP'
[2015.03.27-14.20.41:146][  0]LogRenderer:Warning: Reallocating scene render targets to support 1208x576 (Frame:2).
[2015.03.27-14.20.42:934][  5]LogAssetRegistry: Asset discovery search completed in 7.6230 seconds
[2015.03.27-14.20.46:211][ 32]LogPlayLevel: PIE:  No blueprints needed recompiling
[2015.03.27-14.20.46:211][ 32]PIE: New page: PIE session: ThirdPersonExampleMap (Mar 27, 2015, 4:20:46 PM)
[2015.03.27-14.20.46:226][ 32]LogPlayLevel: PIE: StaticDuplicateObject took: (0.013844s)
[2015.03.27-14.20.46:227][ 32]LogPlayLevel: PIE: World Init took: (0.000874s)
[2015.03.27-14.20.46:227][ 32]LogPlayLevel: PIE: Created PIE world by copying editor world from /Game/ThirdPersonBP/Maps/ThirdPersonExampleMap.ThirdPersonExampleMap to /Game/ThirdPersonBP/Maps/UEDPIE_0_ThirdPersonExampleMap.ThirdPersonExampleMap (0.015006s)
[2015.03.27-14.20.46:313][ 32]LogWorld: Game class is 'ThirdPersonGameMode_C'
[2015.03.27-14.20.46:315][ 32]LogAIModule: Creating AISystem for world ThirdPersonExampleMap
[2015.03.27-14.20.46:324][ 32]LogWorld: Bringing World /Game/ThirdPersonBP/Maps/UEDPIE_0_ThirdPersonExampleMap.ThirdPersonExampleMap up for play (max tick rate 0) at 2015.03.27-15.20.46
[2015.03.27-14.20.46:349][ 32]LogWorld: Bringing up level for play took: 0.033201
[2015.03.27-14.20.46:351][ 32]PIE: Info Play in editor start time for /Game/ThirdPersonBP/Maps/UEDPIE_0_ThirdPersonExampleMap 0.486
[2015.03.27-14.21.04:901][667]LogParticles: Destroying 0 GPU particle simulations for FXSystem 0x0000000017311800
[2015.03.27-14.21.07:311][746]LogEditorViewport: Clicking on Actor (LMB): ThirdPersonCharacter_C (ThirdPersonCharacter)
[2015.03.27-14.21.21:377][485]LogContentBrowser:Verbose: The content browser source was changed by the sources view to '/Game/ThirdPersonBP/Character'
[2015.03.27-14.21.31:015][598]LogLinker:Warning: Asset '../../../Engine/Content/Tutorial/SubEditors/PersonaAnimEditorTutorial.uasset' has been saved with empty engine version. The asset will be loaded but may be incompatible.
[2015.03.27-14.21.44:117][242]LogRenderer:Warning: Reallocating scene render targets to support 1208x880 (Frame:2509).
[2015.03.27-14.21.49:273][348]LogContentBrowser:Verbose: The content browser source was changed by the sources view to '/Game/ThirdPersonBP'
[2015.03.27-14.21.52:997][422]LogContentBrowser:Verbose: The content browser source was changed by the sources view to '/Game/ThirdPersonBP/Character'
[2015.03.27-14.21.56:576][466]LogEditorViewport: Clicking on Actor (LMB): ThirdPersonCharacter_C (ThirdPersonCharacter)
[2015.03.27-14.21.56:623][466]LogEditorViewport: Clicking on Component (LMB): SkeletalMeshComponent (CharacterMesh0)
[2015.03.27-14.21.57:987][494]LogEditorViewport: Clicking on Component (context menu): SkeletalMeshComponent (CharacterMesh0)
[2015.03.27-14.22.13:914][794]LogContentBrowser:Verbose: The content browser source was changed by the sources view to '/Game/ThirdPersonBP'
[2015.03.27-14.22.17:174][857]LogContentBrowser:Verbose: The content browser source was changed by the sources view to '/Game/ThirdPersonBP/Blueprints'
[2015.03.27-14.22.20:565][ 26]LogRenderer:Warning: Reallocating scene render targets to support 1208x904 (Frame:3986).
[2015.03.27-14.22.52:746][861]LogActorComponent: UnregisterComponent: (/Engine/Transient.CharMoveComp) Not registered. Aborting.
[2015.03.27-14.27.23:022][137]LogUObjectGlobals:Warning: Failed to find object 'Object None.'
[2015.03.27-14.28.29:281][726]BlueprintLog: New page: Pre-PIE auto-recompile
[2015.03.27-14.28.29:296][726]LogPlayLevel: [PIE] Compiling ThirdPersonCharacter before PIE...
[2015.03.27-14.28.29:501][726]LogParticles: Destroying 0 GPU particle simulations for FXSystem 0x000000001861D1C0
[2015.03.27-14.28.29:502][726]LogParticles: Destroying 0 GPU particle simulations for FXSystem 0x000000001861F6A0
[2015.03.27-14.28.29:502][726]LogParticles: Destroying 0 GPU particle simulations for FXSystem 0x000000001861F880
[2015.03.27-14.28.29:502][726]LogParticles: Destroying 0 GPU particle simulations for FXSystem 0x000000000CDFE840
[2015.03.27-14.28.29:503][726]LogParticles: Destroying 0 GPU particle simulations for FXSystem 0x0000000053A5C360
[2015.03.27-14.28.29:503][726]LogParticles: Destroying 0 GPU particle simulations for FXSystem 0x0000000053A5D8A0
[2015.03.27-14.28.29:506][726]LogPlayLevel: PIE:  Blueprint regeneration took 225 ms (1 blueprints)
[2015.03.27-14.28.29:507][726]PIE: New page: PIE session: ThirdPersonExampleMap (Mar 27, 2015, 4:28:29 PM)
[2015.03.27-14.28.29:524][726]LogPlayLevel: PIE: StaticDuplicateObject took: (0.016665s)
[2015.03.27-14.28.29:525][726]LogPlayLevel: PIE: World Init took: (0.000671s)
[2015.03.27-14.28.29:525][726]LogPlayLevel: PIE: Created PIE world by copying editor world from /Game/ThirdPersonBP/Maps/ThirdPersonExampleMap.ThirdPersonExampleMap to /Game/ThirdPersonBP/Maps/UEDPIE_0_ThirdPersonExampleMap.ThirdPersonExampleMap (0.017529s)
[2015.03.27-14.28.29:559][726]LogWorld: Game class is 'ThirdPersonGameMode_C'
[2015.03.27-14.28.29:561][726]LogAIModule: Creating AISystem for world ThirdPersonExampleMap
[2015.03.27-14.28.29:570][726]LogWorld: Bringing World /Game/ThirdPersonBP/Maps/UEDPIE_0_ThirdPersonExampleMap.ThirdPersonExampleMap up for play (max tick rate 0) at 2015.03.27-15.28.29
[2015.03.27-14.28.29:571][726]LogWorld: Bringing up level for play took: 0.009432
[2015.03.27-14.28.29:600][726]PIE: Info Play in editor start time for /Game/ThirdPersonBP/Maps/UEDPIE_0_ThirdPersonExampleMap -0.267
[2015.03.27-14.28.29:708][726]LogRenderer:Warning: Reallocating scene render targets to support 1296x904 (Frame:4135).
[2015.03.27-14.28.35:718][870]LogParticles: Destroying 0 GPU particle simulations for FXSystem 0x000000004D803C40
[2015.03.27-14.31.15:012][299]LogSavePackage: Save=2034.440186ms
[2015.03.27-14.31.15:012][299]LogSavePackage: Moving '../../../../../../Users/Niklas/Documents/Unreal Projects/EZ_GAME_EZ_LIFE/Saved/ThirdPersonExampleMap_Auto171AC804042B0767868E99F802920268E.tmp' to '../../../../../../Users/Niklas/Documents/Unreal Projects/EZ_GAME_EZ_LIFE/Saved/Autosaves/Game/ThirdPersonBP/Maps/ThirdPersonExampleMap_Auto1.umap'
[2015.03.27-14.31.15:019][299]LogFileHelpers: Editor autosave (incl. sublevels) for '/Game/ThirdPersonBP/Maps/ThirdPersonExampleMap' took 2.133
[2015.03.27-14.31.15:019][299]LogFileHelpers: Editor autosave (incl. sublevels) for all levels took 2.133
[2015.03.27-14.31.15:052][299]OBJ SavePackage: Generating thumbnails for [1] asset(s) in package [/Game/ThirdPersonBP/Blueprints/ThirdPersonCharacter] ([1] browsable assets)...
[2015.03.27-14.31.15:102][299]OBJ SavePackage:     Rendered thumbnail for [Blueprint /Game/ThirdPersonBP/Blueprints/ThirdPersonCharacter.ThirdPersonCharacter]
[2015.03.27-14.31.15:102][299]OBJ SavePackage: Finished generating thumbnails for package [/Game/ThirdPersonBP/Blueprints/ThirdPersonCharacter]
[2015.03.27-14.31.15:588][299]LogSavePackage: Save=478.762787ms
[2015.03.27-14.31.15:589][299]LogSavePackage: Moving '../../../../../../Users/Niklas/Documents/Unreal Projects/EZ_GAME_EZ_LIFE/Saved/ThirdPersonCharacter_Auto12A1CC4A54222625E93DD25829377043E.tmp' to '../../../../../../Users/Niklas/Documents/Unreal Projects/EZ_GAME_EZ_LIFE/Saved/Autosaves/Game/ThirdPersonBP/Blueprints/ThirdPersonCharacter_Auto1.uasset'
[2015.03.27-14.31.15:595][299]LogFileHelpers: Auto-saving content packages took 0.576
[2015.03.27-14.32.30:250][888]BlueprintLog: New page: Pre-PIE auto-recompile
[2015.03.27-14.32.30:254][888]LogActorComponent: UnregisterComponent: (/Engine/Transient.CharMoveComp) Not registered. Aborting.
[2015.03.27-14.32.30:264][888]LogPlayLevel: [PIE] Compiling ThirdPersonCharacter before PIE...
[2015.03.27-14.32.30:599][888]LogPlayLevel: PIE:  Blueprint regeneration took 349 ms (1 blueprints)
[2015.03.27-14.32.30:600][888]PIE: New page: PIE session: ThirdPersonExampleMap (Mar 27, 2015, 4:32:30 PM)
[2015.03.27-14.32.30:618][888]LogPlayLevel: PIE: StaticDuplicateObject took: (0.017945s)
[2015.03.27-14.32.30:619][888]LogPlayLevel: PIE: World Init took: (0.000656s)
[2015.03.27-14.32.30:619][888]LogPlayLevel: PIE: Created PIE world by copying editor world from /Game/ThirdPersonBP/Maps/ThirdPersonExampleMap.ThirdPersonExampleMap to /Game/ThirdPersonBP/Maps/UEDPIE_0_ThirdPersonExampleMap.ThirdPersonExampleMap (0.018808s)
[2015.03.27-14.32.30:674][888]LogWorld: Game class is 'ThirdPersonGameMode_C'
[2015.03.27-14.32.30:677][888]LogAIModule: Creating AISystem for world ThirdPersonExampleMap
[2015.03.27-14.32.30:685][888]LogWorld: Bringing World /Game/ThirdPersonBP/Maps/UEDPIE_0_ThirdPersonExampleMap.ThirdPersonExampleMap up for play (max tick rate 0) at 2015.03.27-15.32.30
[2015.03.27-14.32.30:686][888]LogWorld: Bringing up level for play took: 0.008764
[2015.03.27-14.32.30:701][888]PIE: Info Play in editor start time for /Game/ThirdPersonBP/Maps/UEDPIE_0_ThirdPersonExampleMap 0.833
[2015.03.27-14.32.37:903][ 59]LogParticles: Destroying 0 GPU particle simulations for FXSystem 0x0000000049484720
[2015.03.27-14.32.41:977][503]BlueprintLog: New page: Pre-PIE auto-recompile
[2015.03.27-14.32.41:990][503]LogPlayLevel: [PIE] Compiling ThirdPersonCharacter before PIE...
[2015.03.27-14.32.42:187][503]LogPlayLevel: PIE:  Blueprint regeneration took 210 ms (1 blueprints)
[2015.03.27-14.32.42:187][503]PIE: New page: PIE session: ThirdPersonExampleMap (Mar 27, 2015, 4:32:42 PM)
[2015.03.27-14.32.42:204][503]LogPlayLevel: PIE: StaticDuplicateObject took: (0.016673s)
[2015.03.27-14.32.42:205][503]LogPlayLevel: PIE: World Init took: (0.000576s)
[2015.03.27-14.32.42:205][503]LogPlayLevel: PIE: Created PIE world by copying editor world from /Game/ThirdPersonBP/Maps/ThirdPersonExampleMap.ThirdPersonExampleMap to /Game/ThirdPersonBP/Maps/UEDPIE_0_ThirdPersonExampleMap.ThirdPersonExampleMap (0.017431s)
[2015.03.27-14.32.42:264][503]LogWorld: Game class is 'ThirdPersonGameMode_C'
[2015.03.27-14.32.42:266][503]LogAIModule: Creating AISystem for world ThirdPersonExampleMap
[2015.03.27-14.32.42:274][503]LogWorld: Bringing World /Game/ThirdPersonBP/Maps/UEDPIE_0_ThirdPersonExampleMap.ThirdPersonExampleMap up for play (max tick rate 0) at 2015.03.27-15.32.42
[2015.03.27-14.32.42:275][503]LogWorld: Bringing up level for play took: 0.008452
[2015.03.27-14.32.42:284][503]PIE: Info Play in editor start time for /Game/ThirdPersonBP/Maps/UEDPIE_0_ThirdPersonExampleMap 0.416
[2015.03.27-14.32.51:439][729]LogParticles: Destroying 0 GPU particle simulations for FXSystem 0x000000004B671620
[2015.03.27-14.35.33:288][981]LogUObjectGlobals:Warning: Failed to find object 'Object None.'
[2015.03.27-14.35.56:803][450]BlueprintLog: New page: Pre-PIE auto-recompile
[2015.03.27-14.35.56:817][450]LogPlayLevel: [PIE] Compiling ThirdPersonCharacter before PIE...
[2015.03.27-14.35.57:022][450]LogPlayLevel: PIE:  Blueprint regeneration took 219 ms (1 blueprints)
[2015.03.27-14.35.57:023][450]PIE: New page: PIE session: ThirdPersonExampleMap (Mar 27, 2015, 4:35:57 PM)
[2015.03.27-14.35.57:041][450]LogPlayLevel: PIE: StaticDuplicateObject took: (0.018024s)
[2015.03.27-14.35.57:042][450]LogPlayLevel: PIE: World Init took: (0.000684s)
[2015.03.27-14.35.57:042][450]LogPlayLevel: PIE: Created PIE world by copying editor world from /Game/ThirdPersonBP/Maps/ThirdPersonExampleMap.ThirdPersonExampleMap to /Game/ThirdPersonBP/Maps/UEDPIE_0_ThirdPersonExampleMap.ThirdPersonExampleMap (0.018893s)
[2015.03.27-14.35.57:108][450]LogWorld: Game class is 'ThirdPersonGameMode_C'
[2015.03.27-14.35.57:113][450]LogAIModule: Creating AISystem for world ThirdPersonExampleMap
[2015.03.27-14.35.57:130][450]LogWorld: Bringing World /Game/ThirdPersonBP/Maps/UEDPIE_0_ThirdPersonExampleMap.ThirdPersonExampleMap up for play (max tick rate 0) at 2015.03.27-15.35.57
[2015.03.27-14.35.57:131][450]LogWorld: Bringing up level for play took: 0.017175
[2015.03.27-14.35.57:145][450]PIE: Info Play in editor start time for /Game/ThirdPersonBP/Maps/UEDPIE_0_ThirdPersonExampleMap 1.275
[2015.03.27-14.36.08:014][716]LogParticles: Destroying 0 GPU particle simulations for FXSystem 0x0000000047AD8860
[2015.03.27-14.37.14:752][963]LogPlayLevel: PIE:  No blueprints needed recompiling
[2015.03.27-14.37.14:752][963]PIE: New page: PIE session: ThirdPersonExampleMap (Mar 27, 2015, 4:37:14 PM)
[2015.03.27-14.37.14:772][963]LogPlayLevel: PIE: StaticDuplicateObject took: (0.019577s)
[2015.03.27-14.37.14:773][963]LogPlayLevel: PIE: World Init took: (0.000658s)
[2015.03.27-14.37.14:773][963]LogPlayLevel: PIE: Created PIE world by copying editor world from /Game/ThirdPersonBP/Maps/ThirdPersonExampleMap.ThirdPersonExampleMap to /Game/ThirdPersonBP/Maps/UEDPIE_0_ThirdPersonExampleMap.ThirdPersonExampleMap (0.020432s)
[2015.03.27-14.37.14:832][963]LogWorld: Game class is 'ThirdPersonGameMode_C'
[2015.03.27-14.37.14:834][963]LogAIModule: Creating AISystem for world ThirdPersonExampleMap
[2015.03.27-14.37.14:843][963]LogWorld: Bringing World /Game/ThirdPersonBP/Maps/UEDPIE_0_ThirdPersonExampleMap.ThirdPersonExampleMap up for play (max tick rate 0) at 2015.03.27-15.37.14
[2015.03.27-14.37.14:844][963]LogWorld: Bringing up level for play took: 0.009450
[2015.03.27-14.37.14:864][963]PIE: Info Play in editor start time for /Game/ThirdPersonBP/Maps/UEDPIE_0_ThirdPersonExampleMap 0.995
[2015.03.27-14.37.25:416][221]LogParticles: Destroying 0 GPU particle simulations for FXSystem 0x0000000059FAD940
[2015.03.27-14.37.30:935][807]LogPlayLevel: PIE:  No blueprints needed recompiling
[2015.03.27-14.37.30:935][807]PIE: New page: PIE session: ThirdPersonExampleMap (Mar 27, 2015, 4:37:30 PM)
[2015.03.27-14.37.30:952][807]LogPlayLevel: PIE: StaticDuplicateObject took: (0.016986s)
[2015.03.27-14.37.30:953][807]LogPlayLevel: PIE: World Init took: (0.000583s)
[2015.03.27-14.37.30:953][807]LogPlayLevel: PIE: Created PIE world by copying editor world from /Game/ThirdPersonBP/Maps/ThirdPersonExampleMap.ThirdPersonExampleMap to /Game/ThirdPersonBP/Maps/UEDPIE_0_ThirdPersonExampleMap.ThirdPersonExampleMap (0.017755s)
[2015.03.27-14.37.31:013][807]LogWorld: Game class is 'ThirdPersonGameMode_C'
[2015.03.27-14.37.31:015][807]LogAIModule: Creating AISystem for world ThirdPersonExampleMap
[2015.03.27-14.37.31:024][807]LogWorld: Bringing World /Game/ThirdPersonBP/Maps/UEDPIE_0_ThirdPersonExampleMap.ThirdPersonExampleMap up for play (max tick rate 0) at 2015.03.27-15.37.31
[2015.03.27-14.37.31:025][807]LogWorld: Bringing up level for play took: 0.009277
[2015.03.27-14.37.31:044][807]PIE: Info Play in editor start time for /Game/ThirdPersonBP/Maps/UEDPIE_0_ThirdPersonExampleMap -0.826
[2015.03.27-14.37.34:998][901]LogParticles: Destroying 0 GPU particle simulations for FXSystem 0x000000005BFA8220
[2015.03.27-14.37.36:944][125]LogPlayLevel: PIE:  No blueprints needed recompiling
[2015.03.27-14.37.36:944][125]PIE: New page: PIE session: ThirdPersonExampleMap (Mar 27, 2015, 4:37:36 PM)
[2015.03.27-14.37.36:961][125]LogPlayLevel: PIE: StaticDuplicateObject took: (0.016911s)
[2015.03.27-14.37.36:962][125]LogPlayLevel: PIE: World Init took: (0.000587s)
[2015.03.27-14.37.36:962][125]LogPlayLevel: PIE: Created PIE world by copying editor world from /Game/ThirdPersonBP/Maps/ThirdPersonExampleMap.ThirdPersonExampleMap to /Game/ThirdPersonBP/Maps/UEDPIE_0_ThirdPersonExampleMap.ThirdPersonExampleMap (0.017683s)
[2015.03.27-14.37.37:024][125]LogWorld: Game class is 'ThirdPersonGameMode_C'
[2015.03.27-14.37.37:026][125]LogAIModule: Creating AISystem for world ThirdPersonExampleMap
[2015.03.27-14.37.37:035][125]LogWorld: Bringing World /Game/ThirdPersonBP/Maps/UEDPIE_0_ThirdPersonExampleMap.ThirdPersonExampleMap up for play (max tick rate 0) at 2015.03.27-15.37.37
[2015.03.27-14.37.37:036][125]LogWorld: Bringing up level for play took: 0.009284
[2015.03.27-14.37.37:056][125]PIE: Info Play in editor start time for /Game/ThirdPersonBP/Maps/UEDPIE_0_ThirdPersonExampleMap -0.814
[2015.03.27-14.37.41:128][226]Set new viewmode: Wireframe
[2015.03.27-14.37.42:613][351]Set new viewmode: Wireframe
[2015.03.27-14.37.44:019][467]Set new viewmode: Wireframe
[2015.03.27-14.37.45:093][553]Set new viewmode: Wireframe
[2015.03.27-14.37.47:547][737]LogParticles: Destroying 0 GPU particle simulations for FXSystem 0x000000005B8C37E0
[2015.03.27-14.37.48:151][807]LogPlayLevel: PIE:  No blueprints needed recompiling
[2015.03.27-14.37.48:151][807]PIE: New page: PIE session: ThirdPersonExampleMap (Mar 27, 2015, 4:37:48 PM)
[2015.03.27-14.37.48:167][807]LogPlayLevel: PIE: StaticDuplicateObject took: (0.016406s)
[2015.03.27-14.37.48:168][807]LogPlayLevel: PIE: World Init took: (0.000577s)
[2015.03.27-14.37.48:168][807]LogPlayLevel: PIE: Created PIE world by copying editor world from /Game/ThirdPersonBP/Maps/ThirdPersonExampleMap.ThirdPersonExampleMap to /Game/ThirdPersonBP/Maps/UEDPIE_0_ThirdPersonExampleMap.ThirdPersonExampleMap (0.017167s)
[2015.03.27-14.37.48:226][807]LogWorld: Game class is 'ThirdPersonGameMode_C'
[2015.03.27-14.37.48:228][807]LogAIModule: Creating AISystem for world ThirdPersonExampleMap
[2015.03.27-14.37.48:237][807]LogWorld: Bringing World /Game/ThirdPersonBP/Maps/UEDPIE_0_ThirdPersonExampleMap.ThirdPersonExampleMap up for play (max tick rate 0) at 2015.03.27-15.37.48
[2015.03.27-14.37.48:238][807]LogWorld: Bringing up level for play took: 0.009646
[2015.03.27-14.37.48:259][807]PIE: Info Play in editor start time for /Game/ThirdPersonBP/Maps/UEDPIE_0_ThirdPersonExampleMap 0.389
[2015.03.27-14.37.56:544][934]LogRenderer:Warning: Reallocating scene render targets to support 1296x1000 (Frame:6036).
[2015.03.27-14.38.22:128][452]LogParticles: Destroying 0 GPU particle simulations for FXSystem 0x000000005B8B6E80
[2015.03.27-14.38.28:213][ 84]LogPlayLevel: PIE:  No blueprints needed recompiling
[2015.03.27-14.38.28:213][ 84]PIE: New page: PIE session: ThirdPersonExampleMap (Mar 27, 2015, 4:38:28 PM)
[2015.03.27-14.38.28:230][ 84]LogPlayLevel: PIE: StaticDuplicateObject took: (0.016878s)
[2015.03.27-14.38.28:231][ 84]LogPlayLevel: PIE: World Init took: (0.000591s)
[2015.03.27-14.38.28:231][ 84]LogPlayLevel: PIE: Created PIE world by copying editor world from /Game/ThirdPersonBP/Maps/ThirdPersonExampleMap.ThirdPersonExampleMap to /Game/ThirdPersonBP/Maps/UEDPIE_0_ThirdPersonExampleMap.ThirdPersonExampleMap (0.017648s)
[2015.03.27-14.38.28:291][ 84]LogWorld: Game class is 'ThirdPersonGameMode_C'
[2015.03.27-14.38.28:293][ 84]LogAIModule: Creating AISystem for world ThirdPersonExampleMap
[2015.03.27-14.38.28:302][ 84]LogWorld: Bringing World /Game/ThirdPersonBP/Maps/UEDPIE_0_ThirdPersonExampleMap.ThirdPersonExampleMap up for play (max tick rate 0) at 2015.03.27-15.38.28
[2015.03.27-14.38.28:303][ 84]LogWorld: Bringing up level for play took: 0.009577
[2015.03.27-14.38.28:325][ 84]PIE: Info Play in editor start time for /Game/ThirdPersonBP/Maps/UEDPIE_0_ThirdPersonExampleMap 0.454
[2015.03.27-14.38.29:982][123]LogParticles: Destroying 0 GPU particle simulations for FXSystem 0x000000005CE9FF60
[2015.03.27-14.38.32:400][362]LogPlayLevel: PIE:  No blueprints needed recompiling
[2015.03.27-14.38.32:400][362]PIE: New page: PIE session: ThirdPersonExampleMap (Mar 27, 2015, 4:38:32 PM)
[2015.03.27-14.38.32:417][362]LogPlayLevel: PIE: StaticDuplicateObject took: (0.016449s)
[2015.03.27-14.38.32:417][362]LogPlayLevel: PIE: World Init took: (0.000570s)
[2015.03.27-14.38.32:418][362]LogPlayLevel: PIE: Created PIE world by copying editor world from /Game/ThirdPersonBP/Maps/ThirdPersonExampleMap.ThirdPersonExampleMap to /Game/ThirdPersonBP/Maps/UEDPIE_0_ThirdPersonExampleMap.ThirdPersonExampleMap (0.017204s)
[2015.03.27-14.38.32:481][362]LogWorld: Game class is 'ThirdPersonGameMode_C'
[2015.03.27-14.38.32:483][362]LogAIModule: Creating AISystem for world ThirdPersonExampleMap
[2015.03.27-14.38.32:492][362]LogWorld: Bringing World /Game/ThirdPersonBP/Maps/UEDPIE_0_ThirdPersonExampleMap.ThirdPersonExampleMap up for play (max tick rate 0) at 2015.03.27-15.38.32
[2015.03.27-14.38.32:493][362]LogWorld: Bringing up level for play took: 0.009386
[2015.03.27-14.38.32:515][362]PIE: Info Play in editor start time for /Game/ThirdPersonBP/Maps/UEDPIE_0_ThirdPersonExampleMap 0.645
[2015.03.27-14.38.49:699][766]LogParticles: Destroying 0 GPU particle simulations for FXSystem 0x000000005EFFD120
[2015.03.27-14.39.18:127][797]BlueprintLog: New page: Pre-PIE auto-recompile
[2015.03.27-14.39.18:140][797]LogPlayLevel: [PIE] Compiling ThirdPersonCharacter before PIE...
[2015.03.27-14.39.18:342][797]LogPlayLevel: PIE:  Blueprint regeneration took 214 ms (1 blueprints)
[2015.03.27-14.39.18:342][797]PIE: New page: PIE session: ThirdPersonExampleMap (Mar 27, 2015, 4:39:18 PM)
[2015.03.27-14.39.18:358][797]LogPlayLevel: PIE: StaticDuplicateObject took: (0.016225s)
[2015.03.27-14.39.18:359][797]LogPlayLevel: PIE: World Init took: (0.000642s)
[2015.03.27-14.39.18:359][797]LogPlayLevel: PIE: Created PIE world by copying editor world from /Game/ThirdPersonBP/Maps/ThirdPersonExampleMap.ThirdPersonExampleMap to /Game/ThirdPersonBP/Maps/UEDPIE_0_ThirdPersonExampleMap.ThirdPersonExampleMap (0.017096s)
[2015.03.27-14.39.18:421][797]LogWorld: Game class is 'ThirdPersonGameMode_C'
[2015.03.27-14.39.18:425][797]LogAIModule: Creating AISystem for world ThirdPersonExampleMap
[2015.03.27-14.39.18:436][797]LogWorld: Bringing World /Game/ThirdPersonBP/Maps/UEDPIE_0_ThirdPersonExampleMap.ThirdPersonExampleMap up for play (max tick rate 0) at 2015.03.27-15.39.18
[2015.03.27-14.39.18:437][797]LogWorld: Bringing up level for play took: 0.010675
[2015.03.27-14.39.18:448][797]PIE: Info Play in editor start time for /Game/ThirdPersonBP/Maps/UEDPIE_0_ThirdPersonExampleMap 0.578
[2015.03.27-14.39.21:133][862]LogParticles: Destroying 0 GPU particle simulations for FXSystem 0x000000005D8FAE80
[2015.03.27-14.40.03:576][281]BlueprintLog: New page: Pre-PIE auto-recompile
[2015.03.27-14.40.03:590][281]LogPlayLevel: [PIE] Compiling ThirdPersonCharacter before PIE...
[2015.03.27-14.40.03:789][281]LogPlayLevel: PIE:  Blueprint regeneration took 213 ms (1 blueprints)
[2015.03.27-14.40.03:790][281]PIE: New page: PIE session: ThirdPersonExampleMap (Mar 27, 2015, 4:40:03 PM)
[2015.03.27-14.40.03:806][281]LogPlayLevel: PIE: StaticDuplicateObject took: (0.016010s)
[2015.03.27-14.40.03:807][281]LogPlayLevel: PIE: World Init took: (0.000594s)
[2015.03.27-14.40.03:807][281]LogPlayLevel: PIE: Created PIE world by copying editor world from /Game/ThirdPersonBP/Maps/ThirdPersonExampleMap.ThirdPersonExampleMap to /Game/ThirdPersonBP/Maps/UEDPIE_0_ThirdPersonExampleMap.ThirdPersonExampleMap (0.016783s)
[2015.03.27-14.40.03:865][281]LogWorld: Game class is 'ThirdPersonGameMode_C'
[2015.03.27-14.40.03:867][281]LogAIModule: Creating AISystem for world ThirdPersonExampleMap
[2015.03.27-14.40.03:876][281]LogWorld: Bringing World /Game/ThirdPersonBP/Maps/UEDPIE_0_ThirdPersonExampleMap.ThirdPersonExampleMap up for play (max tick rate 0) at 2015.03.27-15.40.03
[2015.03.27-14.40.03:877][281]LogWorld: Bringing up level for play took: 0.008912
[2015.03.27-14.40.03:887][281]PIE: Info Play in editor start time for /Game/ThirdPersonBP/Maps/UEDPIE_0_ThirdPersonExampleMap 0.016
[2015.03.27-14.40.10:227][441]LogParticles: Destroying 0 GPU particle simulations for FXSystem 0x0000000046458D60
[2015.03.27-14.43.12:644][786]LogSavePackage: Save=2165.723389ms
[2015.03.27-14.43.12:644][786]LogSavePackage: Moving '../../../../../../Users/Niklas/Documents/Unreal Projects/EZ_GAME_EZ_LIFE/Saved/ThirdPersonExampleMap_Auto29E42DC6A41FA28B3A5EA9CA8B68DF3E2.tmp' to '../../../../../../Users/Niklas/Documents/Unreal Projects/EZ_GAME_EZ_LIFE/Saved/Autosaves/Game/ThirdPersonBP/Maps/ThirdPersonExampleMap_Auto2.umap'
[2015.03.27-14.43.12:657][786]LogFileHelpers: Editor autosave (incl. sublevels) for '/Game/ThirdPersonBP/Maps/ThirdPersonExampleMap' took 2.291
[2015.03.27-14.43.12:657][786]LogFileHelpers: Editor autosave (incl. sublevels) for all levels took 2.291
[2015.03.27-14.43.12:689][786]OBJ SavePackage: Generating thumbnails for [1] asset(s) in package [/Game/ThirdPersonBP/Blueprints/ThirdPersonCharacter] ([1] browsable assets)...
[2015.03.27-14.43.12:741][786]OBJ SavePackage:     Rendered thumbnail for [Blueprint /Game/ThirdPersonBP/Blueprints/ThirdPersonCharacter.ThirdPersonCharacter]
[2015.03.27-14.43.12:741][786]OBJ SavePackage: Finished generating thumbnails for package [/Game/ThirdPersonBP/Blueprints/ThirdPersonCharacter]
[2015.03.27-14.43.13:274][786]LogSavePackage: Save=525.876160ms
[2015.03.27-14.43.13:275][786]LogSavePackage: Moving '../../../../../../Users/Niklas/Documents/Unreal Projects/EZ_GAME_EZ_LIFE/Saved/ThirdPersonCharacter_Auto24EBE552448CCB4B08C14E7872453C2A3.tmp' to '../../../../../../Users/Niklas/Documents/Unreal Projects/EZ_GAME_EZ_LIFE/Saved/Autosaves/Game/ThirdPersonBP/Blueprints/ThirdPersonCharacter_Auto2.uasset'
[2015.03.27-14.43.13:282][786]LogFileHelpers: Auto-saving content packages took 0.625
[2015.03.27-14.46.11:782][422]BlueprintLog: New page: Pre-PIE auto-recompile
[2015.03.27-14.46.11:786][422]LogActorComponent: UnregisterComponent: (/Engine/Transient.CharMoveComp) Not registered. Aborting.
[2015.03.27-14.46.11:798][422]LogPlayLevel: [PIE] Compiling ThirdPersonCharacter before PIE...
[2015.03.27-14.46.12:022][422]LogPlayLevel: PIE:  Blueprint regeneration took 240 ms (1 blueprints)
[2015.03.27-14.46.12:023][422]PIE: New page: PIE session: ThirdPersonExampleMap (Mar 27, 2015, 4:46:12 PM)
[2015.03.27-14.46.12:041][422]LogPlayLevel: PIE: StaticDuplicateObject took: (0.017673s)
[2015.03.27-14.46.12:041][422]LogPlayLevel: PIE: World Init took: (0.000673s)
[2015.03.27-14.46.12:042][422]LogPlayLevel: PIE: Created PIE world by copying editor world from /Game/ThirdPersonBP/Maps/ThirdPersonExampleMap.ThirdPersonExampleMap to /Game/ThirdPersonBP/Maps/UEDPIE_0_ThirdPersonExampleMap.ThirdPersonExampleMap (0.018546s)
[2015.03.27-14.46.12:099][422]LogWorld: Game class is 'ThirdPersonGameMode_C'
[2015.03.27-14.46.12:101][422]LogAIModule: Creating AISystem for world ThirdPersonExampleMap
[2015.03.27-14.46.12:109][422]LogWorld: Bringing World /Game/ThirdPersonBP/Maps/UEDPIE_0_ThirdPersonExampleMap.ThirdPersonExampleMap up for play (max tick rate 0) at 2015.03.27-15.46.12
[2015.03.27-14.46.12:110][422]LogWorld: Bringing up level for play took: 0.008706
[2015.03.27-14.46.12:121][422]PIE: Info Play in editor start time for /Game/ThirdPersonBP/Maps/UEDPIE_0_ThirdPersonExampleMap 0.248
[2015.03.27-14.46.32:307][937]LogParticles: Destroying 0 GPU particle simulations for FXSystem 0x000000005A8F3B00
[2015.03.27-14.46.49:604][456]LogD3D11RHI: Timed out while waiting for GPU to catch up. (0.5 s)
[2015.03.27-14.46.50:012][458]LogContentBrowser:Verbose: The content browser source was changed by the sources view to '/Game/ThirdPersonBP/Animations'
[2015.03.27-14.47.00:538][630]LogActorComponent: UnregisterComponent: (/Engine/Transient.CharMoveComp) Not registered. Aborting.
[2015.03.27-14.47.02:912][630]LogSavePackage: Save=2069.674072ms
[2015.03.27-14.47.02:912][630]LogSavePackage: Moving '../../../../../../Users/Niklas/Documents/Unreal Projects/EZ_GAME_EZ_LIFE/Saved/ThirdPersonExampleMap810A754F469836968D2160924D01E53A.tmp' to '../../../../../../Users/Niklas/Documents/Unreal Projects/EZ_GAME_EZ_LIFE/Content/ThirdPersonBP/Maps/ThirdPersonExampleMap.umap'
[2015.03.27-14.47.02:946][630]LogFileHelpers: Saving map 'ThirdPersonExampleMap' took 2.279
[2015.03.27-14.47.03:394][630]LogSavePackage: Save=414.605347ms
[2015.03.27-14.47.03:394][630]LogSavePackage: Moving '../../../../../../Users/Niklas/Documents/Unreal Projects/EZ_GAME_EZ_LIFE/Saved/ThirdPersonCharacter418240094879B8EB910CE0A58E9DE7ED.tmp' to '../../../../../../Users/Niklas/Documents/Unreal Projects/EZ_GAME_EZ_LIFE/Content/ThirdPersonBP/Blueprints/ThirdPersonCharacter.uasset'
[2015.03.27-14.47.09:393][726]LogContentBrowser:Verbose: The majority of assets in the view are of type: AnimSequence
[2015.03.27-14.47.27:283][521]LogPlayLevel: PIE:  No blueprints needed recompiling
[2015.03.27-14.47.27:283][521]PIE: New page: PIE session: ThirdPersonExampleMap (Mar 27, 2015, 4:47:27 PM)
[2015.03.27-14.47.27:317][521]LogPlayLevel: PIE: StaticDuplicateObject took: (0.020890s)
[2015.03.27-14.47.27:318][521]LogPlayLevel: PIE: World Init took: (0.000629s)
[2015.03.27-14.47.27:318][521]LogPlayLevel: PIE: Created PIE world by copying editor world from /Game/ThirdPersonBP/Maps/ThirdPersonExampleMap.ThirdPersonExampleMap to /Game/ThirdPersonBP/Maps/UEDPIE_0_ThirdPersonExampleMap.ThirdPersonExampleMap (0.021716s)
[2015.03.27-14.47.27:376][521]LogWorld: Game class is 'ThirdPersonGameMode_C'
[2015.03.27-14.47.27:378][521]LogAIModule: Creating AISystem for world ThirdPersonExampleMap
[2015.03.27-14.47.27:387][521]LogWorld: Bringing World /Game/ThirdPersonBP/Maps/UEDPIE_0_ThirdPersonExampleMap.ThirdPersonExampleMap up for play (max tick rate 0) at 2015.03.27-15.47.27
[2015.03.27-14.47.27:388][521]LogWorld: Bringing up level for play took: 0.009390
[2015.03.27-14.47.27:390][521]PIE: Info Play in editor start time for /Game/ThirdPersonBP/Maps/UEDPIE_0_ThirdPersonExampleMap -0.483
[2015.03.27-14.47.35:465][791]LogActorComponent: UnregisterComponent: (/Engine/Transient.CharMoveComp) Not registered. Aborting.
[2015.03.27-14.47.35:480][791]LogParticles: Destroying 0 GPU particle simulations for FXSystem 0x000000004F5819E0
[2015.03.27-14.47.35:481][791]LogParticles: Destroying 0 GPU particle simulations for FXSystem 0x00000000130A4360
[2015.03.27-14.47.35:481][791]LogParticles: Destroying 0 GPU particle simulations for FXSystem 0x0000000049486020
[2015.03.27-14.47.35:481][791]LogParticles: Destroying 0 GPU particle simulations for FXSystem 0x000000004D801E40
[2015.03.27-14.47.35:481][791]LogParticles: Destroying 0 GPU particle simulations for FXSystem 0x00000000569CFF60
[2015.03.27-14.47.35:481][791]LogParticles: Destroying 0 GPU particle simulations for FXSystem 0x00000000569CFD80
[2015.03.27-14.47.44:604][945]LogContentBrowser:Verbose: The content browser source was changed by the sources view to '/Game'
[2015.03.27-14.47.46:020][975]LogContentBrowser:Verbose: The content browser source was changed by the sources view to '/Game/ThirdPersonBP'
[2015.03.27-14.47.48:928][ 42]LogContentBrowser:Verbose: The content browser source was changed by the sources view to '/Game/ThirdPersonBP/Character'
[2015.03.27-14.47.54:132][105]LogContentBrowser:Verbose: The content browser source was changed by the sources view to '/Game/ThirdPersonBP/Animations'
[2015.03.27-14.48.05:563][283]LogContentBrowser:Verbose: The content browser source was changed by the sources view to '/Game/ThirdPersonBP/Character'
[2015.03.27-14.48.51:545][684]LogPlayLevel: PIE:  No blueprints needed recompiling
[2015.03.27-14.48.51:545][684]PIE: New page: PIE session: ThirdPersonExampleMap (Mar 27, 2015, 4:48:51 PM)
[2015.03.27-14.48.51:563][684]LogPlayLevel: PIE: StaticDuplicateObject took: (0.017662s)
[2015.03.27-14.48.51:564][684]LogPlayLevel: PIE: World Init took: (0.000996s)
[2015.03.27-14.48.51:564][684]LogPlayLevel: PIE: Created PIE world by copying editor world from /Game/ThirdPersonBP/Maps/ThirdPersonExampleMap.ThirdPersonExampleMap to /Game/ThirdPersonBP/Maps/UEDPIE_0_ThirdPersonExampleMap.ThirdPersonExampleMap (0.018946s)
[2015.03.27-14.48.51:630][684]LogWorld: Game class is 'ThirdPersonGameMode_C'
[2015.03.27-14.48.51:632][684]LogAIModule: Creating AISystem for world ThirdPersonExampleMap
[2015.03.27-14.48.51:641][684]LogWorld: Bringing World /Game/ThirdPersonBP/Maps/UEDPIE_0_ThirdPersonExampleMap.ThirdPersonExampleMap up for play (max tick rate 0) at 2015.03.27-15.48.51
[2015.03.27-14.48.51:642][684]LogWorld: Bringing up level for play took: 0.009380
[2015.03.27-14.48.51:670][684]PIE: Info Play in editor start time for /Game/ThirdPersonBP/Maps/UEDPIE_0_ThirdPersonExampleMap -0.204
[2015.03.27-14.49.28:458][620]LogParticles: Destroying 0 GPU particle simulations for FXSystem 0x0000000049486660
[2015.03.27-14.49.28:458][620]LogParticles: Destroying 0 GPU particle simulations for FXSystem 0x00000000538A1760
[2015.03.27-14.49.28:458][620]LogParticles: Destroying 0 GPU particle simulations for FXSystem 0x00000000538A02C0
[2015.03.27-14.49.30:807][815]LogSavePackage: Save=318.547363ms
[2015.03.27-14.49.30:807][815]LogSavePackage: Moving '../../../../../../Users/Niklas/Documents/Unreal Projects/EZ_GAME_EZ_LIFE/Saved/ThirdPersonWalk928ACB9E416EB3F40CA7CEBB22C3F5E9.tmp' to '../../../../../../Users/Niklas/Documents/Unreal Projects/EZ_GAME_EZ_LIFE/Content/ThirdPersonBP/Character/ThirdPersonWalk.uasset'
[2015.03.27-14.52.12:992][ 77]LogUnrealMath: Expression Error : No value recognized
[2015.03.27-14.52.12:992][ 77]LogUnrealMath: Expression Error : Error in expression
[2015.03.27-14.52.12:992][ 77]LogUnrealMath: Expression Error : No value recognized
[2015.03.27-14.52.12:992][ 77]LogUnrealMath: Expression Error : Error in expression
[2015.03.27-14.52.35:672][577]LogEditorViewport: Clicking on Component (LMB): StaticMeshComponent (Cube)
[2015.03.27-14.52.37:520][612]LogEditorViewport: Clicking on Actor (LMB): StaticMeshActor (Floor)
[2015.03.27-14.52.38:973][646]LogEditorViewport: Clicking on Actor (LMB): StaticMeshActor (Floor)
[2015.03.27-14.52.43:463][725]LogUnrealMath: Expression Error : No value recognized
[2015.03.27-14.52.43:463][725]LogUnrealMath: Expression Error : Error in expression
[2015.03.27-14.52.43:463][725]LogUnrealMath: Expression Error : No value recognized
[2015.03.27-14.52.43:463][725]LogUnrealMath: Expression Error : Error in expression
[2015.03.27-14.52.52:886][986]LogEditorViewport: Clicking on Actor (LMB): StaticMeshActor (CubeMesh)
[2015.03.27-14.53.01:004][178]LogEditorViewport: Clicking on Actor (context menu): StaticMeshActor (Floor)
[2015.03.27-14.53.01:820][198]LogEditorViewport: Clicking on Actor (LMB): StaticMeshActor (Floor)
[2015.03.27-14.53.02:357][213]LogEditorViewport: Clicking on Actor (LMB): StaticMeshActor (Floor)
[2015.03.27-14.53.02:844][227]LogEditorViewport: Clicking on Actor (context menu): StaticMeshActor (Floor)
[2015.03.27-14.53.03:548][244]LogEditorViewport: Clicking on Actor (LMB): StaticMeshActor (Floor)
[2015.03.27-14.53.18:546][665]LogEditorViewport: Clicking on Actor (LMB): ThirdPersonCharacter_C (ThirdPersonCharacter)
[2015.03.27-14.53.34:016][892]LogEditorViewport: Clicking on Actor (LMB): StaticMeshActor (Floor)
[2015.03.27-14.53.38:090][  0]LogEditorViewport: Clicking on Actor (LMB): DocumentationActor (DocumentationActor1)
[2015.03.27-14.53.44:536][179]Cmd: DELETE
[2015.03.27-14.53.44:536][179]Cmd: ACTOR DELETE
[2015.03.27-14.53.44:574][179]LogEditorActor: Deleted Actor: DocumentationActor
[2015.03.27-14.53.44:593][179]LogEditorActor: Deleted 1 Actors (0.049 secs)
[2015.03.27-14.53.46:794][243]LogEditorViewport: Clicking on Actor (LMB): StaticMeshActor (Wall2)
[2015.03.27-14.53.47:420][260]LogEditorViewport: Clicking on Actor (LMB): SphereReflectionCapture (SphereReflectionCapture)
[2015.03.27-14.53.55:078][477]LogEditorViewport: Clicking on Actor (context menu): ThirdPersonCharacter_C (ThirdPersonCharacter)
[2015.03.27-14.54.01:278][619]Cmd: TRANSACTION UNDO
[2015.03.27-14.54.01:278][619]LogEditorTransaction: Undo Create Actor
[2015.03.27-14.54.13:329][845]LogSavePackage: Save=1391.871704ms
[2015.03.27-14.54.13:329][845]LogSavePackage: Moving '../../../../../../Users/Niklas/Documents/Unreal Projects/EZ_GAME_EZ_LIFE/Saved/ThirdPersonExampleMap304103244E91E7C979EB87BE84E89B3E.tmp' to '../../../../../../Users/Niklas/Documents/Unreal Projects/EZ_GAME_EZ_LIFE/Content/ThirdPersonBP/Maps/ThirdPersonExampleMap.umap'
[2015.03.27-14.54.13:363][845]LogFileHelpers: Saving map 'ThirdPersonExampleMap' took 1.619
[2015.03.27-14.54.13:930][845]LogSavePackage: Save=418.520294ms
[2015.03.27-14.54.13:930][845]LogSavePackage: Moving '../../../../../../Users/Niklas/Documents/Unreal Projects/EZ_GAME_EZ_LIFE/Saved/ThirdPersonCharacter3DA17DE342752C8C91FAE6826AC82950.tmp' to '../../../../../../Users/Niklas/Documents/Unreal Projects/EZ_GAME_EZ_LIFE/Content/ThirdPersonBP/Blueprints/ThirdPersonCharacter.uasset'
[2015.03.27-15.04.12:409][713]LogActorComponent: UnregisterComponent: (/Engine/Transient.CharMoveComp) Not registered. Aborting.
[2015.03.27-15.04.12:503][713]LogFileHelpers: Editor autosave (incl. sublevels) for '/Game/ThirdPersonBP/Maps/ThirdPersonExampleMap' took 0.094
[2015.03.27-15.17.24:096][114]Cmd: QUIT_EDITOR
[2015.03.27-15.17.24:614][114]LogExit: Preparing to exit.
[2015.03.27-15.17.25:553][114]LogExit: Editor shut down
[2015.03.27-15.17.25:554][114]LogExit: Transaction tracking system shut down
[2015.03.27-15.17.25:555][114]LogParticles: Destroying 0 GPU particle simulations for FXSystem 0x000000000CF213A0
[2015.03.27-15.17.25:555][114]LogParticles: Destroying 0 GPU particle simulations for FXSystem 0x00000000175A2840
[2015.03.27-15.17.25:555][114]LogParticles: Destroying 0 GPU particle simulations for FXSystem 0x000000000BABBBA0
[2015.03.27-15.17.25:556][114]LogParticles: Destroying 0 GPU particle simulations for FXSystem 0x000000000BABB420
[2015.03.27-15.17.25:556][114]LogParticles: Destroying 0 GPU particle simulations for FXSystem 0x0000000050CB6200
[2015.03.27-15.17.25:556][114]LogParticles: Destroying 0 GPU particle simulations for FXSystem 0x000000004B6734C0
[2015.03.27-15.17.25:556][114]LogParticles: Destroying 0 GPU particle simulations for FXSystem 0x000000004B672520
[2015.03.27-15.17.25:556][114]LogParticles: Destroying 0 GPU particle simulations for FXSystem 0x000000004B6B3920
[2015.03.27-15.17.25:557][114]LogParticles: Destroying 0 GPU particle simulations for FXSystem 0x000000005F43BCE0
[2015.03.27-15.17.25:557][114]LogParticles: Destroying 0 GPU particle simulations for FXSystem 0x00000000588E7880
[2015.03.27-15.17.25:650][114]LogExit: Object subsystem successfully closed.
[2015.03.27-15.17.25:729][114]LogModuleManager: Shutting down and abandoning module ExternalImagePicker (178)
[2015.03.27-15.17.25:729][114]LogModuleManager: Shutting down and abandoning module CrashTracker (177)
[2015.03.27-15.17.25:729][114]LogModuleManager: Shutting down and abandoning module SuperSearch (176)
[2015.03.27-15.17.25:729][114]LogModuleManager: Shutting down and abandoning module SceneOutliner (175)
[2015.03.27-15.17.25:729][114]LogModuleManager: Shutting down and abandoning module EditorWidgets (174)
[2015.03.27-15.17.25:729][114]LogModuleManager: Shutting down and abandoning module CollectionManager (173)
[2015.03.27-15.17.25:729][114]LogModuleManager: Shutting down and abandoning module StatsViewer (172)
[2015.03.27-15.17.25:729][114]LogModuleManager: Shutting down and abandoning module FoliageEdit (171)
[2015.03.27-15.17.25:729][114]LogModuleManager: Shutting down and abandoning module LandscapeEditor (170)
[2015.03.27-15.17.25:729][114]LogModuleManager: Shutting down and abandoning module MeshPaint (169)
[2015.03.27-15.17.25:729][114]LogModuleManager: Shutting down and abandoning module ActorPickerMode (168)
[2015.03.27-15.17.25:729][114]LogModuleManager: Shutting down and abandoning module GeometryMode (167)
[2015.03.27-15.17.25:729][114]LogModuleManager: Shutting down and abandoning module TextureAlignMode (166)
[2015.03.27-15.17.25:729][114]LogModuleManager: Shutting down and abandoning module BspMode (165)
[2015.03.27-15.17.25:729][114]LogModuleManager: Shutting down and abandoning module PlacementMode (164)
[2015.03.27-15.17.25:729][114]LogModuleManager: Shutting down and abandoning module AutomationWorker (163)
[2015.03.27-15.17.25:729][114]LogModuleManager: Shutting down and abandoning module CharacterAI (162)
[2015.03.27-15.17.25:729][114]LogModuleManager: Shutting down and abandoning module SmartSnapping (161)
[2015.03.27-15.17.25:729][114]LogModuleManager: Shutting down and abandoning module ViewportSnapping (160)
[2015.03.27-15.17.25:729][114]LogModuleManager: Shutting down and abandoning module LogVisualizer (159)
[2015.03.27-15.17.25:730][114]LogModuleManager: Shutting down and abandoning module GameProjectGeneration (158)
[2015.03.27-15.17.25:730][114]LogModuleManager: Shutting down and abandoning module IntroTutorials (157)
[2015.03.27-15.17.25:730][114]LogModuleManager: Shutting down and abandoning module EditorLiveStreaming (156)
[2015.03.27-15.17.25:730][114]LogModuleManager: Shutting down and abandoning module HardwareTargeting (155)
[2015.03.27-15.17.25:730][114]LogModuleManager: Shutting down and abandoning module DeviceProfileEditor (154)
[2015.03.27-15.17.25:730][114]LogModuleManager: Shutting down and abandoning module UndoHistory (153)
[2015.03.27-15.17.25:730][114]LogModuleManager: Shutting down and abandoning module GameplayTagsEditor (152)
[2015.03.27-15.17.25:730][114]LogModuleManager: Shutting down and abandoning module UserFeedback (151)
[2015.03.27-15.17.25:730][114]LogModuleManager: Shutting down and abandoning module XmlParser (150)
[2015.03.27-15.17.25:730][114]LogModuleManager: Shutting down and abandoning module Blutility (149)
[2015.03.27-15.17.25:730][114]LogModuleManager: Shutting down and abandoning module IOSPlatformEditor (148)
[2015.03.27-15.17.25:730][114]LogModuleManager: Shutting down and abandoning module IOSRuntimeSettings (147)
[2015.03.27-15.17.25:730][114]LogModuleManager: Shutting down and abandoning module AndroidDeviceDetection (146)
[2015.03.27-15.17.26:666][114]LogModuleManager: Shutting down and abandoning module AndroidPlatformEditor (145)
[2015.03.27-15.17.26:666][114]LogModuleManager: Shutting down and abandoning module AndroidRuntimeSettings (144)
[2015.03.27-15.17.26:666][114]LogModuleManager: Shutting down and abandoning module ProjectTargetPlatformEditor (143)
[2015.03.27-15.17.26:666][114]LogModuleManager: Shutting down and abandoning module ProjectSettingsViewer (142)
[2015.03.27-15.17.26:666][114]LogModuleManager: Shutting down and abandoning module InputBindingEditor (141)
[2015.03.27-15.17.26:666][114]LogModuleManager: Shutting down and abandoning module EditorSettingsViewer (140)
[2015.03.27-15.17.26:666][114]LogModuleManager: Shutting down and abandoning module SettingsEditor (139)
[2015.03.27-15.17.26:666][114]LogModuleManager: Shutting down and abandoning module ProjectLauncher (138)
[2015.03.27-15.17.26:666][114]LogModuleManager: Shutting down and abandoning module SessionFrontend (137)
[2015.03.27-15.17.26:666][114]LogModuleManager: Shutting down and abandoning module ProfilerClient (136)
[2015.03.27-15.17.26:666][114]LogModuleManager: Shutting down and abandoning module TargetDeviceServices (135)
[2015.03.27-15.17.26:666][114]LogModuleManager: Shutting down and abandoning module DeviceManager (134)
[2015.03.27-15.17.26:666][114]LogModuleManager: Shutting down and abandoning module AutomationController (133)
[2015.03.27-15.17.26:666][114]LogModuleManager: Shutting down and abandoning module AutomationWindow (132)
[2015.03.27-15.17.26:666][114]LogModuleManager: Shutting down and abandoning module Layers (131)
[2015.03.27-15.17.26:666][114]LogModuleManager: Shutting down and abandoning module ComponentVisualizers (130)
[2015.03.27-15.17.26:666][114]LogModuleManager: Shutting down and abandoning module DetailCustomizations (129)
[2015.03.27-15.17.26:666][114]LogModuleManager: Shutting down and abandoning module PackagesDialog (128)
[2015.03.27-15.17.26:666][114]LogModuleManager: Shutting down and abandoning module AssetRegistry (127)
[2015.03.27-15.17.26:682][114]LogModuleManager: Shutting down and abandoning module Persona (126)
[2015.03.27-15.17.26:682][114]LogModuleManager: Shutting down and abandoning module SlateReflector (125)
[2015.03.27-15.17.26:682][114]LogModuleManager: Shutting down and abandoning module LevelEditor (124)
[2015.03.27-15.17.26:682][114]LogModuleManager: Shutting down and abandoning module Kismet (123)
[2015.03.27-15.17.26:683][114]LogModuleManager: Shutting down and abandoning module GraphEditor (122)
[2015.03.27-15.17.26:683][114]LogModuleManager: Shutting down and abandoning module ClassViewer (121)
[2015.03.27-15.17.26:683][114]LogModuleManager: Shutting down and abandoning module Toolbox (120)
[2015.03.27-15.17.26:683][114]LogModuleManager: Shutting down and abandoning module ModuleUI (119)
[2015.03.27-15.17.26:683][114]LogModuleManager: Shutting down and abandoning module MovieSceneTools (118)
[2015.03.27-15.17.26:683][114]LogModuleManager: Shutting down and abandoning module OutputLog (117)
[2015.03.27-15.17.26:683][114]LogModuleManager: Shutting down and abandoning module GammaUI (116)
[2015.03.27-15.17.26:683][114]LogModuleManager: Shutting down and abandoning module Documentation (115)
[2015.03.27-15.17.26:683][114]LogModuleManager: Shutting down and abandoning module GameLiveStreaming (114)
[2015.03.27-15.17.26:683][114]LogModuleManager: Shutting down and abandoning module StreamingPauseRendering (113)
[2015.03.27-15.17.26:683][114]LogModuleManager: Shutting down and abandoning module HTTP (112)
[2015.03.27-15.17.26:683][114]LogModuleManager: Shutting down and abandoning module AnalyticsET (111)
[2015.03.27-15.17.26:683][114]LogModuleManager: Shutting down and abandoning module Analytics (110)
[2015.03.27-15.17.26:683][114]LogModuleManager: Shutting down and abandoning module AITestSuite (109)
[2015.03.27-15.17.26:683][114]LogModuleManager: Shutting down and abandoning module GameplayDebugger (108)
[2015.03.27-15.17.26:683][114]LogModuleManager: Shutting down and abandoning module AIModule (107)
[2015.03.27-15.17.26:683][114]LogModuleManager: Shutting down and abandoning module ProfilerService (106)
[2015.03.27-15.17.26:761][114]LogModuleManager: Shutting down and abandoning module TaskGraph (105)
[2015.03.27-15.17.26:761][114]LogModuleManager: Shutting down and abandoning module SlateRemote (104)
[2015.03.27-15.17.26:761][114]LogModuleManager: Shutting down and abandoning module ScriptEditorPlugin (103)
[2015.03.27-15.17.26:761][114]LogModuleManager: Shutting down and abandoning module CustomMeshComponent (102)
[2015.03.27-15.17.26:761][114]LogModuleManager: Shutting down and abandoning module CableComponent (101)
[2015.03.27-15.17.26:761][114]LogModuleManager: Shutting down and abandoning module MessagingDebugger (100)
[2015.03.27-15.17.26:761][114]LogModuleManager: Shutting down and abandoning module MediaPlayerEditor (99)
[2015.03.27-15.17.26:761][114]LogModuleManager: Shutting down and abandoning module SpeedTreeImporter (98)
[2015.03.27-15.17.26:761][114]LogModuleManager: Shutting down and abandoning module PluginsEditor (97)
[2015.03.27-15.17.26:761][114]LogModuleManager: Shutting down and abandoning module MainFrame (96)
[2015.03.27-15.17.26:761][114]LogModuleManager: Shutting down and abandoning module EpicSurvey (95)
[2015.03.27-15.17.26:772][114]LogModuleManager: Shutting down and abandoning module DesktopPlatform (94)
[2015.03.27-15.17.26:772][114]LogModuleManager: Shutting down and abandoning module DirectoryWatcher (93)
[2015.03.27-15.17.26:772][114]LogModuleManager: Shutting down and abandoning module HotReload (92)
[2015.03.27-15.17.26:772][114]LogModuleManager: Shutting down and abandoning module VisualStudioSourceCodeAccess (91)
[2015.03.27-15.17.26:772][114]LogModuleManager: Shutting down and abandoning module UObjectPlugin (90)
[2015.03.27-15.17.26:772][114]LogModuleManager: Shutting down and abandoning module SubversionSourceControl (89)
[2015.03.27-15.17.26:772][114]LogModuleManager: Shutting down and abandoning module PerforceSourceControl (88)
[2015.03.27-15.17.26:772][114]LogModuleManager: Shutting down and abandoning module SourceControl (87)
[2015.03.27-15.17.26:772][114]LogModuleManager: Shutting down and abandoning module GitSourceControl (86)
[2015.03.27-15.17.26:772][114]LogModuleManager: Shutting down and abandoning module BlankPlugin (85)
[2015.03.27-15.17.26:772][114]LogModuleManager: Shutting down and abandoning module PaperTiledImporter (84)
[2015.03.27-15.17.26:772][114]LogModuleManager: Shutting down and abandoning module PaperJsonImporter (83)
[2015.03.27-15.17.26:772][114]LogModuleManager: Shutting down and abandoning module ContentBrowser (82)
[2015.03.27-15.17.26:773][114]LogModuleManager: Shutting down and abandoning module Paper2DEditor (81)
[2015.03.27-15.17.26:773][114]LogModuleManager: Shutting down and abandoning module ScriptPlugin (80)
[2015.03.27-15.17.26:773][114]LogModuleManager: Shutting down and abandoning module UdpMessaging (79)
[2015.03.27-15.17.26:873][114]LogModuleManager: Shutting down and abandoning module Paper2D (78)
[2015.03.27-15.17.26:873][114]LogModuleManager: Shutting down and abandoning module WindowsMoviePlayer (77)
[2015.03.27-15.17.26:875][114]LogModuleManager: Shutting down and abandoning module Media (76)
[2015.03.27-15.17.26:875][114]LogModuleManager: Shutting down and abandoning module WmfMedia (75)
[2015.03.27-15.17.26:904][114]LogModuleManager: Shutting down and abandoning module OnlineBlueprintSupport (74)
[2015.03.27-15.17.26:904][114]LogModuleManager: Shutting down and abandoning module PropertyEditor (73)
[2015.03.27-15.17.26:904][114]LogModuleManager: Shutting down and abandoning module BehaviorTreeEditor (72)
[2015.03.27-15.17.26:904][114]LogModuleManager: Shutting down and abandoning module FunctionalTesting (71)
[2015.03.27-15.17.26:904][114]LogModuleManager: Shutting down and abandoning module CollisionAnalyzer (70)
[2015.03.27-15.17.26:904][114]LogModuleManager: Shutting down and abandoning module WorkspaceMenuStructure (69)
[2015.03.27-15.17.26:904][114]LogModuleManager: Shutting down and abandoning module MessageLog (68)
[2015.03.27-15.17.26:905][114]LogModuleManager: Shutting down and abandoning module Sequencer (67)
[2015.03.27-15.17.26:905][114]LogModuleManager: Shutting down and abandoning module AssetTools (66)
[2015.03.27-15.17.26:905][114]LogModuleManager: Shutting down and abandoning module UMGEditor (65)
[2015.03.27-15.17.26:905][114]LogModuleManager: Shutting down and abandoning module UMG (64)
[2015.03.27-15.17.26:905][114]LogModuleManager: Shutting down and abandoning module Slate (63)
[2015.03.27-15.17.26:905][114]LogModuleManager: Shutting down and abandoning module EditorStyle (62)
[2015.03.27-15.17.26:914][114]LogModuleManager: Shutting down and abandoning module SessionServices (61)
[2015.03.27-15.17.26:914][114]LogModuleManager: Shutting down and abandoning module SourceCodeAccess (60)
[2015.03.27-15.17.26:914][114]LogModuleManager: Shutting down and abandoning module HeadMountedDisplay (59)
[2015.03.27-15.17.26:914][114]LogModuleManager: Shutting down and abandoning module XAudio2 (58)
[2015.03.27-15.17.26:914][114]LogModuleManager: Shutting down and abandoning module Networking (56)
[2015.03.27-15.17.26:914][114]LogModuleManager: Shutting down and abandoning module Core (55)
[2015.03.27-15.17.26:914][114]LogModuleManager: Shutting down and abandoning module KismetCompiler (54)
[2015.03.27-15.17.26:914][114]LogModuleManager: Shutting down and abandoning module PhysXFormats (53)
[2015.03.27-15.17.26:914][114]LogModuleManager: Shutting down and abandoning module MeshUtilities (52)
[2015.03.27-15.17.26:914][114]LogModuleManager: Shutting down and abandoning module DerivedDataCache (51)
[2015.03.27-15.17.26:983][114]LogDerivedDataCache: Shutdown
[2015.03.27-15.17.26:983][114]LogModuleManager: Shutting down and abandoning module ShaderFormatOpenGL (50)
[2015.03.27-15.17.26:983][114]LogModuleManager: Shutting down and abandoning module ShaderFormatD3D (49)
[2015.03.27-15.17.26:983][114]LogModuleManager: Shutting down and abandoning module MetalShaderFormat (48)
[2015.03.27-15.17.26:983][114]LogModuleManager: Shutting down and abandoning module TextureFormatUncompressed (47)
[2015.03.27-15.17.26:983][114]LogModuleManager: Shutting down and abandoning module TextureFormatPVR (46)
[2015.03.27-15.17.26:983][114]LogModuleManager: Shutting down and abandoning module TextureFormatIntelISPCTexComp (45)
[2015.03.27-15.17.26:983][114]LogModuleManager: Shutting down and abandoning module TextureFormatDXT (44)
[2015.03.27-15.17.26:983][114]LogModuleManager: Shutting down and abandoning module ImageWrapper (43)
[2015.03.27-15.17.26:983][114]LogModuleManager: Shutting down and abandoning module TextureFormatASTC (42)
[2015.03.27-15.17.26:983][114]LogModuleManager: Shutting down and abandoning module TextureFormatAndroid (41)
[2015.03.27-15.17.26:983][114]LogModuleManager: Shutting down and abandoning module AudioFormatOpus (40)
[2015.03.27-15.17.26:983][114]LogModuleManager: Shutting down and abandoning module AudioFormatOgg (39)
[2015.03.27-15.17.26:983][114]LogModuleManager: Shutting down and abandoning module AudioFormatADPCM (38)
[2015.03.27-15.17.26:983][114]LogModuleManager: Shutting down and abandoning module LinuxTargetPlatform (37)
[2015.03.27-15.17.26:983][114]LogModuleManager: Shutting down and abandoning module LinuxServerTargetPlatform (36)
[2015.03.27-15.17.26:983][114]LogModuleManager: Shutting down and abandoning module LinuxNoEditorTargetPlatform (35)
[2015.03.27-15.17.26:983][114]LogModuleManager: Shutting down and abandoning module Messaging (34)
[2015.03.27-15.17.26:983][114]LogModuleManager: Shutting down and abandoning module IOSTargetPlatform (33)
[2015.03.27-15.17.26:983][114]LogModuleManager: Shutting down and abandoning module HTML5TargetPlatform (32)
[2015.03.27-15.17.26:983][114]LogModuleManager: Shutting down and abandoning module Android_PVRTCTargetPlatform (31)
[2015.03.27-15.17.26:983][114]LogModuleManager: Shutting down and abandoning module Android_ETC2TargetPlatform (30)
[2015.03.27-15.17.26:983][114]LogModuleManager: Shutting down and abandoning module Android_ETC1TargetPlatform (29)
[2015.03.27-15.17.26:983][114]LogModuleManager: Shutting down and abandoning module Android_ES31TargetPlatform (28)
[2015.03.27-15.17.26:983][114]LogModuleManager: Shutting down and abandoning module Android_DXTTargetPlatform (27)
[2015.03.27-15.17.26:983][114]LogModuleManager: Shutting down and abandoning module Android_ATCTargetPlatform (26)
[2015.03.27-15.17.26:983][114]LogModuleManager: Shutting down and abandoning module AndroidTargetPlatform (25)
[2015.03.27-15.17.26:983][114]LogModuleManager: Shutting down and abandoning module WindowsTargetPlatform (24)
[2015.03.27-15.17.26:983][114]LogModuleManager: Shutting down and abandoning module WindowsServerTargetPlatform (23)
[2015.03.27-15.17.26:983][114]LogModuleManager: Shutting down and abandoning module WindowsNoEditorTargetPlatform (22)
[2015.03.27-15.17.26:983][114]LogModuleManager: Shutting down and abandoning module WindowsClientTargetPlatform (21)
[2015.03.27-15.17.26:983][114]LogModuleManager: Shutting down and abandoning module TargetPlatform (20)
[2015.03.27-15.17.26:983][114]LogModuleManager: Shutting down and abandoning module InputCore (19)
[2015.03.27-15.17.26:983][114]LogModuleManager: Shutting down and abandoning module Settings (18)
[2015.03.27-15.17.26:983][114]LogModuleManager: Shutting down and abandoning module OnlineSubsystem (16)
[2015.03.27-15.17.26:983][114]LogModuleManager: Shutting down and abandoning module OculusRift (15)
[2015.03.27-15.17.26:983][114]LogModuleManager: Shutting down and abandoning module ExampleDeviceProfileSelector (14)
[2015.03.27-15.17.26:983][114]LogModuleManager: Shutting down and abandoning module TextureCompressor (13)
[2015.03.27-15.17.26:983][114]LogModuleManager: Shutting down and abandoning module ShaderCore (12)
[2015.03.27-15.17.26:983][114]LogModuleManager: Shutting down and abandoning module Landscape (11)
[2015.03.27-15.17.26:983][114]LogModuleManager: Shutting down and abandoning module SlateRHIRenderer (10)
[2015.03.27-15.17.26:986][114]LogModuleManager: Shutting down and abandoning module OpenGLDrv (9)
[2015.03.27-15.17.26:986][114]LogModuleManager: Shutting down and abandoning module D3D11RHI (8)
[2015.03.27-15.17.26:986][114]LogModuleManager: Shutting down and abandoning module Renderer (7)
[2015.03.27-15.17.26:986][114]LogModuleManager: Shutting down and abandoning module Engine (6)
[2015.03.27-15.17.26:986][114]LogModuleManager: Shutting down and abandoning module CoreUObject (5)
[2015.03.27-15.17.26:986][114]LogModuleManager: Shutting down and abandoning module NetworkFile (4)
[2015.03.27-15.17.26:986][114]LogModuleManager: Shutting down and abandoning module StreamingFile (3)
[2015.03.27-15.17.26:986][114]LogModuleManager: Shutting down and abandoning module SandboxFile (2)
[2015.03.27-15.17.26:986][114]LogModuleManager: Shutting down and abandoning module PakFile (1)
[2015.03.27-15.17.27:024][114]LogExit: Exiting.
[2015.03.27-15.17.27:042][114]Log file closed, 03/27/15 16:17:27
