Log file open, 04/24/15 16:37:11
LogInit:Display: Running engine for game: EZ_GAME_EZ_LIFE
LogInit: Version: 4.7.6-2513093+++depot+UE4-Releases+4.7
LogInit: API Version: 2455222
LogInit: Compiled (64-bit): Apr 15 2015 12:09:54
LogInit: Compiled with Visual C++: 18.00.21005.01
LogInit: Build Configuration: Development
LogInit: Branch Name: ++depot+UE4-Releases+4.7
LogInit: Command line:  
LogInit: Base directory: C:/Program Files/Epic Games/4.7/Engine/Binaries/Win64/
LogInit: Rocket: 1
[2015.04.24-14.37.11:932][  0]LogTaskGraph: Started task graph with 3 named threads and 6 total threads.
[2015.04.24-14.37.11:998][  0]LogOnline:Warning: No default platform service specified for OnlineSubsystem
[2015.04.24-14.37.12:333][  0]LogInit: Presizing for 0 objects not considered by GC, pre-allocating 0 bytes.
[2015.04.24-14.37.12:708][  0]LogInit: Object subsystem initialized
[2015.04.24-14.37.13:056][  0]LogConsoleResponse:Warning: Skipping Unknown console variable: 'TranslucentSortAxis = (X=0.000000,Y=-1.000000,Z=0.000000)'
[2015.04.24-14.37.13:056][  0]LogConsoleResponse:Warning:   Found in ini file 'C:/Users/Niklas/Documents/Unreal Projects/EZ_GAME_EZ_LIFE/Saved/Config/Windows/Engine.ini', in section '[/Script/Engine.RendererSettings]'
[2015.04.24-14.37.13:056][  0]LogConsoleResponse:Warning: Skipping Unknown console variable: 'UIScaleRule = ShortestSide'
[2015.04.24-14.37.13:056][  0]LogConsoleResponse:Warning:   Found in ini file 'C:/Users/Niklas/Documents/Unreal Projects/EZ_GAME_EZ_LIFE/Saved/Config/Windows/Engine.ini', in section '[/Script/Engine.RendererSettings]'
[2015.04.24-14.37.13:056][  0]LogConsoleResponse:Warning: Skipping Unknown console variable: 'UIScaleCurve = (EditorCurveData=(Keys=),ExternalCurve=None)'
[2015.04.24-14.37.13:056][  0]LogConsoleResponse:Warning:   Found in ini file 'C:/Users/Niklas/Documents/Unreal Projects/EZ_GAME_EZ_LIFE/Saved/Config/Windows/Engine.ini', in section '[/Script/Engine.RendererSettings]'
[2015.04.24-14.37.13:160][  0]LogInit: Selected Device Profile: [Windows]
[2015.04.24-14.37.13:167][  0]LogInit: Applying CVar settings loaded from the selected device profile: [Windows]
[2015.04.24-14.37.13:413][  0]LogInit: Computer: NIK-PC
[2015.04.24-14.37.13:413][  0]LogInit: User: Niklas
[2015.04.24-14.37.13:413][  0]LogInit: CPU Page size=4096, Cores=4
[2015.04.24-14.37.13:413][  0]LogInit: High frequency timer resolution =3.215390 MHz
[2015.04.24-14.37.13:413][  0]LogMemory: Memory total: Physical=8.0GB (8GB approx) Virtual=8192.0GB
[2015.04.24-14.37.13:414][  0]LogMemory: Platform Memory Stats for Windows
[2015.04.24-14.37.13:414][  0]LogMemory: Process Physical Memory: 47.73 MB used, 47.73 MB peak
[2015.04.24-14.37.13:414][  0]LogMemory: Process Virtual Memory: 27.85 MB used, 27.86 MB peak
[2015.04.24-14.37.13:414][  0]LogMemory: Physical Memory: 3426.14 MB used, 8153.19 MB total
[2015.04.24-14.37.13:414][  0]LogMemory: Virtual Memory: 281.45 MB used, 8388608.00 MB total
[2015.04.24-14.37.14:966][  0]LogD3D11RHI: Found D3D11 adapter 0: NVIDIA GeForce GTS 450 (Feature Level 11_0)
[2015.04.24-14.37.14:966][  0]LogD3D11RHI: Adapter has 993MB of dedicated video memory, 0MB of dedicated system memory, and 3071MB of shared system memory, 2 output[s]
[2015.04.24-14.37.14:966][  0]LogD3D11RHI: Chosen D3D11 Adapter Id = 0
[2015.04.24-14.37.15:232][  0]LogRHI: Texture pool is 695 MB (70% of 993 MB)
[2015.04.24-14.37.15:276][  0]LogD3D11RHI: Async texture creation enabled
[2015.04.24-14.37.20:145][  0]LogTextLocalizationManager: The requested culture ('de_DE') has no localization data; falling back to 'en' for localization and internationalization data.
[2015.04.24-14.37.20:667][  0]LogTextLocalizationManager:Warning: Loading localization resources contain conflicting entries for (Namespace:UICommands, Key:Save_ToolTip):
Resource: (C:/Program Files/Epic Games/4.7/Engine/Content/Localization/Editor/en/Editor.locres) Hash: (-29098895) String: (Saves the current level to disk)
Resource: (C:/Program Files/Epic Games/4.7/Engine/Content/Localization/Engine/en/Engine.locres) Hash: (-1280300587) String: (Save selected data to vlog file)
[2015.04.24-14.37.20:667][  0]LogTextLocalizationManager:Warning: Loading localization resources contain conflicting entries for (Namespace:ContentBrowser, Key:ImportAssetToolTip):
Resource: (C:/Program Files/Epic Games/4.7/Engine/Content/Localization/Editor/en/Editor.locres) Hash: (-630476809) String: (Import to {0}...)
Resource: (C:/Program Files/Epic Games/4.7/Engine/Content/Localization/Editor/en/Editor.locres) Hash: (1271782899) String: (Imports an asset from file to this folder.)
[2015.04.24-14.37.20:869][  0]LogContentStreaming: Texture pool size is 0.000000MB
[2015.04.24-14.37.36:394][  0]LogTargetPlatformManager:Display: Building Assets For Windows
[2015.04.24-14.37.38:151][  0]LogTargetPlatformManager:Display: Building Assets For Windows
[2015.04.24-14.37.38:301][  0]LogDerivedDataCache:Display: Max Cache Size: 512 MB
[2015.04.24-14.37.38:996][  0]LogDerivedDataCache: Loaded boot cache 0.69s 39MB C:/Users/Niklas/AppData/Local/UnrealEngine/4.7/DerivedDataCache/Boot.ddc.
[2015.04.24-14.37.38:996][  0]LogDerivedDataCache:Display: Loaded Boot cache: C:/Users/Niklas/AppData/Local/UnrealEngine/4.7/DerivedDataCache/Boot.ddc
[2015.04.24-14.37.38:996][  0]LogDerivedDataCache: FDerivedDataBackendGraph:  Pak pak cache file ../../../../../../Users/Niklas/Documents/Unreal Projects/EZ_GAME_EZ_LIFE/DerivedDataCache/DDC.ddp not found, will not use a pak cache.
[2015.04.24-14.37.38:996][  0]LogDerivedDataCache: Unable to find inner node Pak for hierarchical cache Hierarchy.
[2015.04.24-14.37.39:186][  0]LogDerivedDataCache:Display: Pak cache opened for reading ../../../Engine/DerivedDataCache/Compressed.ddp.
[2015.04.24-14.37.39:223][  0]LogDerivedDataCache: Using Local data cache path C:/Users/Niklas/AppData/Local/UnrealEngine/Common/DerivedDataCache: Writable
[2015.04.24-14.37.52:802][  0]LogMeshUtilities: No automatic mesh reduction module available
[2015.04.24-14.37.52:802][  0]LogMeshUtilities: No automatic mesh merging module available
[2015.04.24-14.37.58:024][  0]LogInit: WinSock: version 1.1 (2.2), MaxSocks=32767, MaxUdp=65467
[2015.04.24-14.37.58:680][  0]LogSlate:Warning: Failed to load font data from '../../../Engine/Content/Slate/Fonts/Roboto-Italic.ttf'
[2015.04.24-14.38.24:156][  0]UdpMessaging: Initializing bridge on interface 0.0.0.0:0 to multicast group 230.0.0.1:6666.
[2015.04.24-14.38.24:901][  0]SourceControl: Info Source control is disabled
[2015.04.24-14.38.24:937][  0]SourceControl: Info Source control is disabled
[2015.04.24-14.38.24:937][  0]SourceControl: Info Source control is disabled
[2015.04.24-14.38.24:937][  0]LogSourceControl: RunCommandInternalRaw: 'git version'
[2015.04.24-14.38.24:937][  0]LogSourceControl: RunCommandInternalRaw: ExecProcess ReturnCode=2 OutResults=''
[2015.04.24-14.38.24:970][  0]SourceControl: Info Source control is disabled
[2015.04.24-14.38.25:780][  0]LogObj: 24232 objects as part of root set at end of initial load.
[2015.04.24-14.38.25:780][  0]LogUObjectAllocator: 5137176 out of 0 bytes used by permanent object pool.
[2015.04.24-14.38.26:811][  0]LogEngine: Initializing Engine...
[2015.04.24-14.38.30:437][  0]LogInit: XAudio2 using 'Lautsprecher (Realtek High Definition Audio)' : 2 channels at 48 kHz using 32 bits per sample (channel mask 0x3)
[2015.04.24-14.38.30:508][  0]LogInit: FAudioDevice initialized.
[2015.04.24-14.38.32:115][  0]LogAIModule: Creating AISystem for world NewWorld
[2015.04.24-14.38.32:435][  0]LogDerivedDataCache: Saved boot cache 0.03s 39MB C:/Users/Niklas/AppData/Local/UnrealEngine/4.7/DerivedDataCache/Boot.ddc.
[2015.04.24-14.38.32:438][  0]LogInit: Texture streaming: Enabled
[2015.04.24-14.38.34:292][  0]LogAnalytics: Creating configured Analytics provider AnalyticsET
[2015.04.24-14.38.34:292][  0]LogAnalytics: ET APIKey = Rocket.Release. APIServer = http://et2.epicgames.com/ET2/. AppVersion = 4.7.6-2513093+++depot+UE4-Releases+4.7
[2015.04.24-14.38.34:292][  0]LogAnalytics: ET APIKey = Rocket.Release. DataRouterUploadURL = https://datarouter-public-service-gamedev.ol.epicgames.net/datarouter/api/v1/public/data. AppVersion = 4.7.6-2513093+++depot+UE4-Releases+4.7
[2015.04.24-14.38.34:292][  0]LogAnalytics: SetUserId eb8c08b746c18b1e0499f79509028322|9d4e66c9c5234bf7ad11ebe283ab624f|6c64b6a1-ea7f-4075-beca-5e84e1118d8d
[2015.04.24-14.38.34:349][  0]LogAnalytics: AnalyticsET::StartSession [Rocket.Release]
[2015.04.24-14.38.34:874][  0]LogInit: Transaction tracking system initialized
[2015.04.24-14.38.37:998][  0]BlueprintLog: New page: Editor Load
[2015.04.24-14.38.38:490][  0]LogAssetRegistry: FAssetRegistry took 0.0574 seconds to start up
[2015.04.24-14.38.38:492][  0]LogDirectoryWatcher:Warning: Failed to begin reading directory changes for ../../../Engine/Plugins/Experimental/CharacterAI/Content/. Error: 0
[2015.04.24-14.38.42:832][  0]LogTargetPlatformManager:Display: Building Assets For Windows
[2015.04.24-14.38.43:310][  0]LogTargetPlatformManager:Display: Building Assets For Windows
[2015.04.24-14.38.46:858][  0]LogSlate:Warning: Failed to load font data from '../../../Engine/Content/Editor/Slate/Fonts/Roboto-Regular.ttf'
[2015.04.24-14.38.46:861][  0]LogSlate:Warning: Failed to load font data from '../../../Engine/Content/Editor/Slate/Fonts/Roboto-Bold.ttf'
[2015.04.24-14.38.47:077][  0]LogConsoleResponse:Display: 
[2015.04.24-14.38.51:244][  0]LogCook:Display: Done creating registry. It took  0.00s.
[2015.04.24-14.38.54:623][  0]SourceControl: Info Source control is disabled
[2015.04.24-14.38.54:830][  0]Cmd: MAP LOAD FILE="../../../../../../Users/Niklas/Documents/Unreal Projects/EZ_GAME_EZ_LIFE/Content/ThirdPersonBP/Maps/ThirdPersonExampleMap.umap" TEMPLATE=0 SHOWPROGRESS=1 FEATURELEVEL=3
[2015.04.24-14.38.55:140][  0]LightingResults: New page: Lighting Build
[2015.04.24-14.38.55:564][  0]MapCheck: New page: Map Check
[2015.04.24-14.38.55:564][  0]LightingResults: New page: Lighting Build
[2015.04.24-14.38.56:013][  0]LogParticles: Destroying 0 GPU particle simulations for FXSystem 0x0000000014A7E980
[2015.04.24-14.38.56:771][  0]LogLinker:Warning: Asset '../../../Engine/Content/EngineMeshes/Humanoid.uasset' has been saved with empty engine version. The asset will be loaded but may be incompatible.
[2015.04.24-14.39.07:888][  0]LogEditorServer: Finished looking for orphan Actors (0.000 secs)
[2015.04.24-14.39.10:603][  0]LogAIModule: Creating AISystem for world ThirdPersonExampleMap
[2015.04.24-14.39.10:664][  0]Cmd: MAP CHECKDEP
[2015.04.24-14.39.10:665][  0]MapCheck: New page: ThirdPersonExampleMap - Apr 24, 2015, 6:39:10 PM
[2015.04.24-14.39.10:948][  0]MapCheck: Info Map check complete: 0 Error(s), 0 Warning(s), took 283.756ms to complete.
[2015.04.24-14.39.10:948][  0]LogFileHelpers: Loading map 'ThirdPersonExampleMap' took 16.248
[2015.04.24-14.39.17:746][  0]LogCollectionManager: Loaded 0 collections in 0.001801 seconds
[2015.04.24-14.39.17:852][  0]LogContentBrowser: Native class hierarchy populated in 0.0941 seconds. Added 1696 classes and 261 folders.
[2015.04.24-14.39.18:685][  0]LogContentBrowser: Native class hierarchy updated for 'SceneOutliner' in 0.0040 seconds. Added 1 classes and 2 folders.
[2015.04.24-14.39.20:707][  0]LogCrashTracker: Crashtracker disabled due to settings.
[2015.04.24-14.39.21:001][  0]LogSlate:Warning: Failed to load font data from 'Veranda'
[2015.04.24-14.39.21:190][  0]LogUObjectGlobals:Warning: Failed to find object 'Class None.'
[2015.04.24-14.39.21:697][  0]LogLoad: Full Startup: 142.01 seconds (BP compile: 1.88 seconds)
[2015.04.24-14.39.22:306][  0]LogContentBrowser:Verbose: The content browser source was changed by the sources view to '/Game/ThirdPersonBP/Meshes'
[2015.04.24-14.39.23:552][  0]LogRenderer:Warning: Reallocating scene render targets to support 32x32 (Frame:2).
[2015.04.24-14.39.26:112][  0]LogRenderer:Warning: Reallocating scene render targets to support 1208x576 (Frame:3).
[2015.04.24-14.39.29:303][  6]LogAssetRegistry: Asset discovery search completed in 50.8690 seconds
[2015.04.24-14.44.16:056][852]Cmd: QUIT_EDITOR
[2015.04.24-14.44.16:369][852]LogExit: Preparing to exit.
[2015.04.24-14.44.17:440][852]LogExit: Editor shut down
[2015.04.24-14.44.17:441][852]LogExit: Transaction tracking system shut down
[2015.04.24-14.44.17:442][852]LogParticles: Destroying 0 GPU particle simulations for FXSystem 0x000000000D9C54E0
[2015.04.24-14.44.17:442][852]LogParticles: Destroying 0 GPU particle simulations for FXSystem 0x0000000032E55300
[2015.04.24-14.44.17:442][852]LogParticles: Destroying 0 GPU particle simulations for FXSystem 0x0000000031CA5120
[2015.04.24-14.44.17:443][852]LogParticles: Destroying 0 GPU particle simulations for FXSystem 0x000000003659D300
[2015.04.24-14.44.17:818][852]LogExit: Object subsystem successfully closed.
[2015.04.24-14.44.18:051][852]LogModuleManager: Shutting down and abandoning module CrashTracker (177)
[2015.04.24-14.44.18:051][852]LogModuleManager: Shutting down and abandoning module SuperSearch (176)
[2015.04.24-14.44.18:051][852]LogModuleManager: Shutting down and abandoning module SceneOutliner (175)
[2015.04.24-14.44.18:051][852]LogModuleManager: Shutting down and abandoning module EditorWidgets (174)
[2015.04.24-14.44.18:051][852]LogModuleManager: Shutting down and abandoning module CollectionManager (173)
[2015.04.24-14.44.18:068][852]LogModuleManager: Shutting down and abandoning module StatsViewer (172)
[2015.04.24-14.44.18:080][852]LogModuleManager: Shutting down and abandoning module FoliageEdit (171)
[2015.04.24-14.44.18:080][852]LogModuleManager: Shutting down and abandoning module LandscapeEditor (170)
[2015.04.24-14.44.18:089][852]LogModuleManager: Shutting down and abandoning module MeshPaint (169)
[2015.04.24-14.44.18:089][852]LogModuleManager: Shutting down and abandoning module ActorPickerMode (168)
[2015.04.24-14.44.18:089][852]LogModuleManager: Shutting down and abandoning module GeometryMode (167)
[2015.04.24-14.44.18:089][852]LogModuleManager: Shutting down and abandoning module TextureAlignMode (166)
[2015.04.24-14.44.18:089][852]LogModuleManager: Shutting down and abandoning module BspMode (165)
[2015.04.24-14.44.18:089][852]LogModuleManager: Shutting down and abandoning module PlacementMode (164)
[2015.04.24-14.44.18:090][852]LogModuleManager: Shutting down and abandoning module AutomationWorker (163)
[2015.04.24-14.44.18:090][852]LogModuleManager: Shutting down and abandoning module CharacterAI (162)
[2015.04.24-14.44.18:090][852]LogModuleManager: Shutting down and abandoning module SmartSnapping (161)
[2015.04.24-14.44.18:090][852]LogModuleManager: Shutting down and abandoning module ViewportSnapping (160)
[2015.04.24-14.44.18:090][852]LogModuleManager: Shutting down and abandoning module LogVisualizer (159)
[2015.04.24-14.44.18:090][852]LogModuleManager: Shutting down and abandoning module GameProjectGeneration (158)
[2015.04.24-14.44.18:103][852]LogModuleManager: Shutting down and abandoning module IntroTutorials (157)
[2015.04.24-14.44.18:112][852]LogModuleManager: Shutting down and abandoning module EditorLiveStreaming (156)
[2015.04.24-14.44.18:112][852]LogModuleManager: Shutting down and abandoning module HardwareTargeting (155)
[2015.04.24-14.44.18:112][852]LogModuleManager: Shutting down and abandoning module DeviceProfileEditor (154)
[2015.04.24-14.44.18:112][852]LogModuleManager: Shutting down and abandoning module UndoHistory (153)
[2015.04.24-14.44.18:112][852]LogModuleManager: Shutting down and abandoning module GameplayTagsEditor (152)
[2015.04.24-14.44.18:112][852]LogModuleManager: Shutting down and abandoning module UserFeedback (151)
[2015.04.24-14.44.18:112][852]LogModuleManager: Shutting down and abandoning module XmlParser (150)
[2015.04.24-14.44.18:112][852]LogModuleManager: Shutting down and abandoning module Blutility (149)
[2015.04.24-14.44.18:112][852]LogModuleManager: Shutting down and abandoning module IOSPlatformEditor (148)
[2015.04.24-14.44.18:112][852]LogModuleManager: Shutting down and abandoning module IOSRuntimeSettings (147)
[2015.04.24-14.44.18:112][852]LogModuleManager: Shutting down and abandoning module AndroidDeviceDetection (146)
[2015.04.24-14.44.18:509][852]LogModuleManager: Shutting down and abandoning module AndroidPlatformEditor (145)
[2015.04.24-14.44.18:509][852]LogModuleManager: Shutting down and abandoning module AndroidRuntimeSettings (144)
[2015.04.24-14.44.18:509][852]LogModuleManager: Shutting down and abandoning module ProjectTargetPlatformEditor (143)
[2015.04.24-14.44.18:509][852]LogModuleManager: Shutting down and abandoning module ProjectSettingsViewer (142)
[2015.04.24-14.44.18:509][852]LogModuleManager: Shutting down and abandoning module InputBindingEditor (141)
[2015.04.24-14.44.18:531][852]LogModuleManager: Shutting down and abandoning module EditorSettingsViewer (140)
[2015.04.24-14.44.18:531][852]LogModuleManager: Shutting down and abandoning module SettingsEditor (139)
[2015.04.24-14.44.18:544][852]LogModuleManager: Shutting down and abandoning module ProjectLauncher (138)
[2015.04.24-14.44.18:544][852]LogModuleManager: Shutting down and abandoning module SessionFrontend (137)
[2015.04.24-14.44.18:544][852]LogModuleManager: Shutting down and abandoning module ProfilerClient (136)
[2015.04.24-14.44.18:562][852]LogModuleManager: Shutting down and abandoning module TargetDeviceServices (135)
[2015.04.24-14.44.18:562][852]LogModuleManager: Shutting down and abandoning module DeviceManager (134)
[2015.04.24-14.44.18:563][852]LogModuleManager: Shutting down and abandoning module AutomationController (133)
[2015.04.24-14.44.18:563][852]LogModuleManager: Shutting down and abandoning module AutomationWindow (132)
[2015.04.24-14.44.18:570][852]LogModuleManager: Shutting down and abandoning module Layers (131)
[2015.04.24-14.44.18:583][852]LogModuleManager: Shutting down and abandoning module ComponentVisualizers (130)
[2015.04.24-14.44.18:583][852]LogModuleManager: Shutting down and abandoning module DetailCustomizations (129)
[2015.04.24-14.44.18:606][852]LogModuleManager: Shutting down and abandoning module PackagesDialog (128)
[2015.04.24-14.44.18:606][852]LogModuleManager: Shutting down and abandoning module AssetRegistry (127)
[2015.04.24-14.44.18:633][852]LogModuleManager: Shutting down and abandoning module Persona (126)
[2015.04.24-14.44.18:645][852]LogModuleManager: Shutting down and abandoning module SlateReflector (125)
[2015.04.24-14.44.18:663][852]LogModuleManager: Shutting down and abandoning module LevelEditor (124)
[2015.04.24-14.44.18:664][852]LogModuleManager: Shutting down and abandoning module Kismet (123)
[2015.04.24-14.44.18:664][852]LogModuleManager: Shutting down and abandoning module GraphEditor (122)
[2015.04.24-14.44.18:705][852]LogModuleManager: Shutting down and abandoning module ClassViewer (121)
[2015.04.24-14.44.18:705][852]LogModuleManager: Shutting down and abandoning module Toolbox (120)
[2015.04.24-14.44.18:705][852]LogModuleManager: Shutting down and abandoning module ModuleUI (119)
[2015.04.24-14.44.18:714][852]LogModuleManager: Shutting down and abandoning module MovieSceneTools (118)
[2015.04.24-14.44.18:729][852]LogModuleManager: Shutting down and abandoning module OutputLog (117)
[2015.04.24-14.44.18:729][852]LogModuleManager: Shutting down and abandoning module GammaUI (116)
[2015.04.24-14.44.18:738][852]LogModuleManager: Shutting down and abandoning module Documentation (115)
[2015.04.24-14.44.18:738][852]LogModuleManager: Shutting down and abandoning module GameLiveStreaming (114)
[2015.04.24-14.44.18:738][852]LogModuleManager: Shutting down and abandoning module StreamingPauseRendering (113)
[2015.04.24-14.44.18:738][852]LogModuleManager: Shutting down and abandoning module HTTP (112)
[2015.04.24-14.44.18:738][852]LogModuleManager: Shutting down and abandoning module AnalyticsET (111)
[2015.04.24-14.44.18:738][852]LogModuleManager: Shutting down and abandoning module Analytics (110)
[2015.04.24-14.44.18:738][852]LogModuleManager: Shutting down and abandoning module AITestSuite (109)
[2015.04.24-14.44.18:738][852]LogModuleManager: Shutting down and abandoning module GameplayDebugger (108)
[2015.04.24-14.44.18:738][852]LogModuleManager: Shutting down and abandoning module AIModule (107)
[2015.04.24-14.44.18:738][852]LogModuleManager: Shutting down and abandoning module ProfilerService (106)
[2015.04.24-14.44.18:871][852]LogModuleManager: Shutting down and abandoning module TaskGraph (105)
[2015.04.24-14.44.18:899][852]LogModuleManager: Shutting down and abandoning module SlateRemote (104)
[2015.04.24-14.44.18:899][852]LogModuleManager: Shutting down and abandoning module ScriptEditorPlugin (103)
[2015.04.24-14.44.18:899][852]LogModuleManager: Shutting down and abandoning module CustomMeshComponent (102)
[2015.04.24-14.44.18:899][852]LogModuleManager: Shutting down and abandoning module CableComponent (101)
[2015.04.24-14.44.18:908][852]LogModuleManager: Shutting down and abandoning module MessagingDebugger (100)
[2015.04.24-14.44.18:922][852]LogModuleManager: Shutting down and abandoning module MediaPlayerEditor (99)
[2015.04.24-14.44.18:938][852]LogModuleManager: Shutting down and abandoning module SpeedTreeImporter (98)
[2015.04.24-14.44.18:938][852]LogModuleManager: Shutting down and abandoning module PluginsEditor (97)
[2015.04.24-14.44.18:944][852]LogModuleManager: Shutting down and abandoning module MainFrame (96)
[2015.04.24-14.44.18:944][852]LogModuleManager: Shutting down and abandoning module EpicSurvey (95)
[2015.04.24-14.44.18:952][852]LogModuleManager: Shutting down and abandoning module DesktopPlatform (94)
[2015.04.24-14.44.18:952][852]LogModuleManager: Shutting down and abandoning module DirectoryWatcher (93)
[2015.04.24-14.44.18:953][852]LogModuleManager: Shutting down and abandoning module HotReload (92)
[2015.04.24-14.44.18:953][852]LogModuleManager: Shutting down and abandoning module VisualStudioSourceCodeAccess (91)
[2015.04.24-14.44.18:953][852]LogModuleManager: Shutting down and abandoning module UObjectPlugin (90)
[2015.04.24-14.44.18:953][852]LogModuleManager: Shutting down and abandoning module SubversionSourceControl (89)
[2015.04.24-14.44.18:981][852]LogModuleManager: Shutting down and abandoning module PerforceSourceControl (88)
[2015.04.24-14.44.18:995][852]LogModuleManager: Shutting down and abandoning module SourceControl (87)
[2015.04.24-14.44.18:995][852]LogModuleManager: Shutting down and abandoning module GitSourceControl (86)
[2015.04.24-14.44.19:003][852]LogModuleManager: Shutting down and abandoning module BlankPlugin (85)
[2015.04.24-14.44.19:003][852]LogModuleManager: Shutting down and abandoning module PaperTiledImporter (84)
[2015.04.24-14.44.19:003][852]LogModuleManager: Shutting down and abandoning module PaperJsonImporter (83)
[2015.04.24-14.44.19:003][852]LogModuleManager: Shutting down and abandoning module ContentBrowser (82)
[2015.04.24-14.44.19:004][852]LogModuleManager: Shutting down and abandoning module Paper2DEditor (81)
[2015.04.24-14.44.19:013][852]LogModuleManager: Shutting down and abandoning module ScriptPlugin (80)
[2015.04.24-14.44.19:019][852]LogModuleManager: Shutting down and abandoning module UdpMessaging (79)
[2015.04.24-14.44.19:119][852]LogModuleManager: Shutting down and abandoning module Paper2D (78)
[2015.04.24-14.44.19:142][852]LogModuleManager: Shutting down and abandoning module WindowsMoviePlayer (77)
[2015.04.24-14.44.19:146][852]LogModuleManager: Shutting down and abandoning module Media (76)
[2015.04.24-14.44.19:146][852]LogModuleManager: Shutting down and abandoning module WmfMedia (75)
[2015.04.24-14.44.19:183][852]LogModuleManager: Shutting down and abandoning module OnlineBlueprintSupport (74)
[2015.04.24-14.44.19:183][852]LogModuleManager: Shutting down and abandoning module PropertyEditor (73)
[2015.04.24-14.44.19:213][852]LogModuleManager: Shutting down and abandoning module BehaviorTreeEditor (72)
[2015.04.24-14.44.19:231][852]LogModuleManager: Shutting down and abandoning module FunctionalTesting (71)
[2015.04.24-14.44.19:232][852]LogModuleManager: Shutting down and abandoning module CollisionAnalyzer (70)
[2015.04.24-14.44.19:243][852]LogModuleManager: Shutting down and abandoning module WorkspaceMenuStructure (69)
[2015.04.24-14.44.19:244][852]LogModuleManager: Shutting down and abandoning module MessageLog (68)
[2015.04.24-14.44.19:244][852]LogModuleManager: Shutting down and abandoning module Sequencer (67)
[2015.04.24-14.44.19:256][852]LogModuleManager: Shutting down and abandoning module AssetTools (66)
[2015.04.24-14.44.19:279][852]LogModuleManager: Shutting down and abandoning module UMGEditor (65)
[2015.04.24-14.44.19:297][852]LogModuleManager: Shutting down and abandoning module UMG (64)
[2015.04.24-14.44.19:307][852]LogModuleManager: Shutting down and abandoning module Slate (63)
[2015.04.24-14.44.19:307][852]LogModuleManager: Shutting down and abandoning module EditorStyle (62)
[2015.04.24-14.44.19:316][852]LogModuleManager: Shutting down and abandoning module SessionServices (61)
[2015.04.24-14.44.19:316][852]LogModuleManager: Shutting down and abandoning module SourceCodeAccess (60)
[2015.04.24-14.44.19:316][852]LogModuleManager: Shutting down and abandoning module HeadMountedDisplay (59)
[2015.04.24-14.44.19:316][852]LogModuleManager: Shutting down and abandoning module XAudio2 (58)
[2015.04.24-14.44.19:316][852]LogModuleManager: Shutting down and abandoning module Networking (56)
[2015.04.24-14.44.19:316][852]LogModuleManager: Shutting down and abandoning module Core (55)
[2015.04.24-14.44.19:316][852]LogModuleManager: Shutting down and abandoning module KismetCompiler (54)
[2015.04.24-14.44.19:316][852]LogModuleManager: Shutting down and abandoning module PhysXFormats (53)
[2015.04.24-14.44.19:316][852]LogModuleManager: Shutting down and abandoning module MeshUtilities (52)
[2015.04.24-14.44.19:359][852]LogModuleManager: Shutting down and abandoning module DerivedDataCache (51)
[2015.04.24-14.44.19:473][852]LogDerivedDataCache: Shutdown
[2015.04.24-14.44.19:474][852]LogModuleManager: Shutting down and abandoning module ShaderFormatOpenGL (50)
[2015.04.24-14.44.19:486][852]LogModuleManager: Shutting down and abandoning module ShaderFormatD3D (49)
[2015.04.24-14.44.19:486][852]LogModuleManager: Shutting down and abandoning module MetalShaderFormat (48)
[2015.04.24-14.44.19:500][852]LogModuleManager: Shutting down and abandoning module TextureFormatUncompressed (47)
[2015.04.24-14.44.19:501][852]LogModuleManager: Shutting down and abandoning module TextureFormatPVR (46)
[2015.04.24-14.44.19:501][852]LogModuleManager: Shutting down and abandoning module TextureFormatIntelISPCTexComp (45)
[2015.04.24-14.44.19:501][852]LogModuleManager: Shutting down and abandoning module TextureFormatDXT (44)
[2015.04.24-14.44.19:501][852]LogModuleManager: Shutting down and abandoning module ImageWrapper (43)
[2015.04.24-14.44.19:501][852]LogModuleManager: Shutting down and abandoning module TextureFormatASTC (42)
[2015.04.24-14.44.19:501][852]LogModuleManager: Shutting down and abandoning module TextureFormatAndroid (41)
[2015.04.24-14.44.19:501][852]LogModuleManager: Shutting down and abandoning module AudioFormatOpus (40)
[2015.04.24-14.44.19:501][852]LogModuleManager: Shutting down and abandoning module AudioFormatOgg (39)
[2015.04.24-14.44.19:501][852]LogModuleManager: Shutting down and abandoning module AudioFormatADPCM (38)
[2015.04.24-14.44.19:501][852]LogModuleManager: Shutting down and abandoning module LinuxTargetPlatform (37)
[2015.04.24-14.44.19:501][852]LogModuleManager: Shutting down and abandoning module LinuxServerTargetPlatform (36)
[2015.04.24-14.44.19:501][852]LogModuleManager: Shutting down and abandoning module LinuxNoEditorTargetPlatform (35)
[2015.04.24-14.44.19:501][852]LogModuleManager: Shutting down and abandoning module Messaging (34)
[2015.04.24-14.44.19:501][852]LogModuleManager: Shutting down and abandoning module IOSTargetPlatform (33)
[2015.04.24-14.44.19:501][852]LogModuleManager: Shutting down and abandoning module HTML5TargetPlatform (32)
[2015.04.24-14.44.19:501][852]LogModuleManager: Shutting down and abandoning module Android_PVRTCTargetPlatform (31)
[2015.04.24-14.44.19:501][852]LogModuleManager: Shutting down and abandoning module Android_ETC2TargetPlatform (30)
[2015.04.24-14.44.19:501][852]LogModuleManager: Shutting down and abandoning module Android_ETC1TargetPlatform (29)
[2015.04.24-14.44.19:501][852]LogModuleManager: Shutting down and abandoning module Android_ES31TargetPlatform (28)
[2015.04.24-14.44.19:501][852]LogModuleManager: Shutting down and abandoning module Android_DXTTargetPlatform (27)
[2015.04.24-14.44.19:501][852]LogModuleManager: Shutting down and abandoning module Android_ATCTargetPlatform (26)
[2015.04.24-14.44.19:501][852]LogModuleManager: Shutting down and abandoning module AndroidTargetPlatform (25)
[2015.04.24-14.44.19:501][852]LogModuleManager: Shutting down and abandoning module WindowsTargetPlatform (24)
[2015.04.24-14.44.19:501][852]LogModuleManager: Shutting down and abandoning module WindowsServerTargetPlatform (23)
[2015.04.24-14.44.19:501][852]LogModuleManager: Shutting down and abandoning module WindowsNoEditorTargetPlatform (22)
[2015.04.24-14.44.19:501][852]LogModuleManager: Shutting down and abandoning module WindowsClientTargetPlatform (21)
[2015.04.24-14.44.19:501][852]LogModuleManager: Shutting down and abandoning module TargetPlatform (20)
[2015.04.24-14.44.19:501][852]LogModuleManager: Shutting down and abandoning module InputCore (19)
[2015.04.24-14.44.19:501][852]LogModuleManager: Shutting down and abandoning module Settings (18)
[2015.04.24-14.44.19:501][852]LogModuleManager: Shutting down and abandoning module OnlineSubsystem (16)
[2015.04.24-14.44.19:501][852]LogModuleManager: Shutting down and abandoning module OculusRift (15)
[2015.04.24-14.44.19:501][852]LogModuleManager: Shutting down and abandoning module ExampleDeviceProfileSelector (14)
[2015.04.24-14.44.19:501][852]LogModuleManager: Shutting down and abandoning module TextureCompressor (13)
[2015.04.24-14.44.19:502][852]LogModuleManager: Shutting down and abandoning module ShaderCore (12)
[2015.04.24-14.44.19:502][852]LogModuleManager: Shutting down and abandoning module Landscape (11)
[2015.04.24-14.44.19:502][852]LogModuleManager: Shutting down and abandoning module SlateRHIRenderer (10)
[2015.04.24-14.44.19:503][852]LogModuleManager: Shutting down and abandoning module OpenGLDrv (9)
[2015.04.24-14.44.19:503][852]LogModuleManager: Shutting down and abandoning module D3D11RHI (8)
[2015.04.24-14.44.19:503][852]LogModuleManager: Shutting down and abandoning module Renderer (7)
[2015.04.24-14.44.19:503][852]LogModuleManager: Shutting down and abandoning module Engine (6)
[2015.04.24-14.44.19:503][852]LogModuleManager: Shutting down and abandoning module CoreUObject (5)
[2015.04.24-14.44.19:503][852]LogModuleManager: Shutting down and abandoning module NetworkFile (4)
[2015.04.24-14.44.19:513][852]LogModuleManager: Shutting down and abandoning module StreamingFile (3)
[2015.04.24-14.44.19:513][852]LogModuleManager: Shutting down and abandoning module SandboxFile (2)
[2015.04.24-14.44.19:527][852]LogModuleManager: Shutting down and abandoning module PakFile (1)
[2015.04.24-14.44.19:539][852]LogExit: Exiting.
[2015.04.24-14.44.19:576][852]Log file closed, 04/24/15 16:44:19
